This is XeTeX, Version 3.14159265-2.6-0.999991 (TeX Live 2019/W32TeX) (preloaded format=xelatex 2019.10.29)  12 NOV 2019 07:25
entering extended mode
 restricted \write18 enabled.
 %&-line parsing enabled.
**Exam-PA-Study-Manual.tex
(./Exam-PA-Study-Manual.tex
LaTeX2e <2019-10-01> patch level 1

(c:/Users/sam.castillo/AppData/Roaming/TinyTeX/texmf-dist/tex/latex/base/book.c
ls
Document Class: book 2019/08/27 v1.4j Standard LaTeX document class

(c:/Users/sam.castillo/AppData/Roaming/TinyTeX/texmf-dist/tex/latex/base/bk10.c
lo
File: bk10.clo 2019/08/27 v1.4j Standard LaTeX file (size option)
)
\c@part=\count80
\c@chapter=\count81
\c@section=\count82
\c@subsection=\count83
\c@subsubsection=\count84
\c@paragraph=\count85
\c@subparagraph=\count86
\c@figure=\count87
\c@table=\count88
\abovecaptionskip=\skip41
\belowcaptionskip=\skip42
\bibindent=\dimen102
)
(c:/Users/sam.castillo/AppData/Roaming/TinyTeX/texmf-dist/tex/latex/lm/lmodern.
sty
Package: lmodern 2009/10/30 v1.6 Latin Modern Fonts
LaTeX Font Info:    Overwriting symbol font `operators' in version `normal'
(Font)                  OT1/cmr/m/n --> OT1/lmr/m/n on input line 22.
LaTeX Font Info:    Overwriting symbol font `letters' in version `normal'
(Font)                  OML/cmm/m/it --> OML/lmm/m/it on input line 23.
LaTeX Font Info:    Overwriting symbol font `symbols' in version `normal'
(Font)                  OMS/cmsy/m/n --> OMS/lmsy/m/n on input line 24.
LaTeX Font Info:    Overwriting symbol font `largesymbols' in version `normal'
(Font)                  OMX/cmex/m/n --> OMX/lmex/m/n on input line 25.
LaTeX Font Info:    Overwriting symbol font `operators' in version `bold'
(Font)                  OT1/cmr/bx/n --> OT1/lmr/bx/n on input line 26.
LaTeX Font Info:    Overwriting symbol font `letters' in version `bold'
(Font)                  OML/cmm/b/it --> OML/lmm/b/it on input line 27.
LaTeX Font Info:    Overwriting symbol font `symbols' in version `bold'
(Font)                  OMS/cmsy/b/n --> OMS/lmsy/b/n on input line 28.
LaTeX Font Info:    Overwriting symbol font `largesymbols' in version `bold'
(Font)                  OMX/cmex/m/n --> OMX/lmex/m/n on input line 29.
LaTeX Font Info:    Overwriting math alphabet `\mathbf' in version `normal'
(Font)                  OT1/cmr/bx/n --> OT1/lmr/bx/n on input line 31.
LaTeX Font Info:    Overwriting math alphabet `\mathsf' in version `normal'
(Font)                  OT1/cmss/m/n --> OT1/lmss/m/n on input line 32.
LaTeX Font Info:    Overwriting math alphabet `\mathit' in version `normal'
(Font)                  OT1/cmr/m/it --> OT1/lmr/m/it on input line 33.
LaTeX Font Info:    Overwriting math alphabet `\mathtt' in version `normal'
(Font)                  OT1/cmtt/m/n --> OT1/lmtt/m/n on input line 34.
LaTeX Font Info:    Overwriting math alphabet `\mathbf' in version `bold'
(Font)                  OT1/cmr/bx/n --> OT1/lmr/bx/n on input line 35.
LaTeX Font Info:    Overwriting math alphabet `\mathsf' in version `bold'
(Font)                  OT1/cmss/bx/n --> OT1/lmss/bx/n on input line 36.
LaTeX Font Info:    Overwriting math alphabet `\mathit' in version `bold'
(Font)                  OT1/cmr/bx/it --> OT1/lmr/bx/it on input line 37.
LaTeX Font Info:    Overwriting math alphabet `\mathtt' in version `bold'
(Font)                  OT1/cmtt/m/n --> OT1/lmtt/m/n on input line 38.
)
(c:/Users/sam.castillo/AppData/Roaming/TinyTeX/texmf-dist/tex/latex/amsfonts/am
ssymb.sty
Package: amssymb 2013/01/14 v3.01 AMS font symbols

(c:/Users/sam.castillo/AppData/Roaming/TinyTeX/texmf-dist/tex/latex/amsfonts/am
sfonts.sty
Package: amsfonts 2013/01/14 v3.01 Basic AMSFonts support
\@emptytoks=\toks14
\symAMSa=\mathgroup4
\symAMSb=\mathgroup5
LaTeX Font Info:    Redeclaring math symbol \hbar on input line 98.
LaTeX Font Info:    Overwriting math alphabet `\mathfrak' in version `bold'
(Font)                  U/euf/m/n --> U/euf/b/n on input line 106.
))
(c:/Users/sam.castillo/AppData/Roaming/TinyTeX/texmf-dist/tex/latex/amsmath/ams
math.sty
Package: amsmath 2019/04/01 v2.17c AMS math features
\@mathmargin=\skip43
For additional information on amsmath, use the `?' option.

(c:/Users/sam.castillo/AppData/Roaming/TinyTeX/texmf-dist/tex/latex/amsmath/ams
text.sty
Package: amstext 2000/06/29 v2.01 AMS text

(c:/Users/sam.castillo/AppData/Roaming/TinyTeX/texmf-dist/tex/latex/amsmath/ams
gen.sty
File: amsgen.sty 1999/11/30 v2.0 generic functions
\@emptytoks=\toks15
\ex@=\dimen103
))
(c:/Users/sam.castillo/AppData/Roaming/TinyTeX/texmf-dist/tex/latex/amsmath/ams
bsy.sty
Package: amsbsy 1999/11/29 v1.2d Bold Symbols
\pmbraise@=\dimen104
)
(c:/Users/sam.castillo/AppData/Roaming/TinyTeX/texmf-dist/tex/latex/amsmath/ams
opn.sty
Package: amsopn 2016/03/08 v2.02 operator names
)
\inf@bad=\count89
LaTeX Info: Redefining \frac on input line 227.
\uproot@=\count90
\leftroot@=\count91
LaTeX Info: Redefining \overline on input line 389.
\classnum@=\count92
\DOTSCASE@=\count93
LaTeX Info: Redefining \ldots on input line 486.
LaTeX Info: Redefining \dots on input line 489.
LaTeX Info: Redefining \cdots on input line 610.
\Mathstrutbox@=\box27
\strutbox@=\box28
\big@size=\dimen105
LaTeX Font Info:    Redeclaring font encoding OML on input line 733.
LaTeX Font Info:    Redeclaring font encoding OMS on input line 734.
\macc@depth=\count94
\c@MaxMatrixCols=\count95
\dotsspace@=\muskip10
\c@parentequation=\count96
\dspbrk@lvl=\count97
\tag@help=\toks16
\row@=\count98
\column@=\count99
\maxfields@=\count100
\andhelp@=\toks17
\eqnshift@=\dimen106
\alignsep@=\dimen107
\tagshift@=\dimen108
\tagwidth@=\dimen109
\totwidth@=\dimen110
\lineht@=\dimen111
\@envbody=\toks18
\multlinegap=\skip44
\multlinetaggap=\skip45
\mathdisplay@stack=\toks19
LaTeX Info: Redefining \[ on input line 2855.
LaTeX Info: Redefining \] on input line 2856.
)
(c:/Users/sam.castillo/AppData/Roaming/TinyTeX/texmf-dist/tex/generic/ifxetex/i
fxetex.sty
Package: ifxetex 2010/09/12 v0.6 Provides ifxetex conditional
)
(c:/Users/sam.castillo/AppData/Roaming/TinyTeX/texmf-dist/tex/generic/oberdiek/
ifluatex.sty
Package: ifluatex 2016/05/16 v1.4 Provides the ifluatex switch (HO)
Package ifluatex Info: LuaTeX not detected.
)
(c:/Users/sam.castillo/AppData/Roaming/TinyTeX/texmf-dist/tex/latex/base/fixltx
2e.sty
Package: fixltx2e 2016/12/29 v2.1a fixes to LaTeX (obsolete)
Applying: [2015/01/01] Old fixltx2e package on input line 46.

Package fixltx2e Warning: fixltx2e is not required with releases after 2015
(fixltx2e)                All fixes are now in the LaTeX kernel.
(fixltx2e)                See the latexrelease package for details.

Already applied: [0000/00/00] Old fixltx2e package on input line 53.
)
(c:/Users/sam.castillo/AppData/Roaming/TinyTeX/texmf-dist/tex/xelatex/mathspec/
mathspec.sty
Package: mathspec 2016/12/22 v0.2b LaTeX Package (Mathematics font selection fo
r XeLaTeX)

(c:/Users/sam.castillo/AppData/Roaming/TinyTeX/texmf-dist/tex/latex/etoolbox/et
oolbox.sty
Package: etoolbox 2019/09/21 v2.5h e-TeX tools for LaTeX (JAW)
\etb@tempcnta=\count101
)
(c:/Users/sam.castillo/AppData/Roaming/TinyTeX/texmf-dist/tex/latex/fontspec/fo
ntspec.sty
(c:/Users/sam.castillo/AppData/Roaming/TinyTeX/texmf-dist/tex/latex/l3packages/
xparse/xparse.sty
(c:/Users/sam.castillo/AppData/Roaming/TinyTeX/texmf-dist/tex/latex/l3kernel/ex
pl3.sty
Package: expl3 2019-10-28 L3 programming layer (loader) 

(c:/Users/sam.castillo/AppData/Roaming/TinyTeX/texmf-dist/tex/latex/l3kernel/ex
pl3-code.tex
Package: expl3 2019-10-28 L3 programming layer (code)
\c_max_int=\count102
\l_tmpa_int=\count103
\l_tmpb_int=\count104
\g_tmpa_int=\count105
\g_tmpb_int=\count106
\l__seq_internal_a_int=\count107
\l__seq_internal_b_int=\count108
\g__kernel_prg_map_int=\count109
\c__ior_term_noprompt_ior=\count110
\c_log_iow=\count111
\l_iow_line_count_int=\count112
\l__iow_line_target_int=\count113
\l__iow_one_indent_int=\count114
\l__iow_indent_int=\count115
\c_zero_dim=\dimen112
\c_max_dim=\dimen113
\l_tmpa_dim=\dimen114
\l_tmpb_dim=\dimen115
\g_tmpa_dim=\dimen116
\g_tmpb_dim=\dimen117
\c_zero_skip=\skip46
\c_max_skip=\skip47
\l_tmpa_skip=\skip48
\l_tmpb_skip=\skip49
\g_tmpa_skip=\skip50
\g_tmpb_skip=\skip51
\c_zero_muskip=\muskip11
\c_max_muskip=\muskip12
\l_tmpa_muskip=\muskip13
\l_tmpb_muskip=\muskip14
\g_tmpa_muskip=\muskip15
\g_tmpb_muskip=\muskip16
\l_keys_choice_int=\count116
\l__intarray_loop_int=\count117
\c__intarray_sp_dim=\dimen118
\g__intarray_font_int=\count118
\c__fp_leading_shift_int=\count119
\c__fp_middle_shift_int=\count120
\c__fp_trailing_shift_int=\count121
\c__fp_big_leading_shift_int=\count122
\c__fp_big_middle_shift_int=\count123
\c__fp_big_trailing_shift_int=\count124
\c__fp_Bigg_leading_shift_int=\count125
\c__fp_Bigg_middle_shift_int=\count126
\c__fp_Bigg_trailing_shift_int=\count127
\g__fp_array_int=\count128
\l__fp_array_loop_int=\count129
\l__sort_length_int=\count130
\l__sort_min_int=\count131
\l__sort_top_int=\count132
\l__sort_max_int=\count133
\l__sort_true_max_int=\count134
\l__sort_block_int=\count135
\l__sort_begin_int=\count136
\l__sort_end_int=\count137
\l__sort_A_int=\count138
\l__sort_B_int=\count139
\l__sort_C_int=\count140
\l__str_internal_int=\count141
\l__tl_analysis_normal_int=\count142
\l__tl_analysis_index_int=\count143
\l__tl_analysis_nesting_int=\count144
\l__tl_analysis_type_int=\count145
\l__regex_internal_a_int=\count146
\l__regex_internal_b_int=\count147
\l__regex_internal_c_int=\count148
\l__regex_balance_int=\count149
\l__regex_group_level_int=\count150
\l__regex_mode_int=\count151
\c__regex_cs_in_class_mode_int=\count152
\c__regex_cs_mode_int=\count153
\l__regex_catcodes_int=\count154
\l__regex_default_catcodes_int=\count155
\c__regex_catcode_L_int=\count156
\c__regex_catcode_O_int=\count157
\c__regex_catcode_A_int=\count158
\c__regex_all_catcodes_int=\count159
\l__regex_show_lines_int=\count160
\l__regex_min_state_int=\count161
\l__regex_max_state_int=\count162
\l__regex_left_state_int=\count163
\l__regex_right_state_int=\count164
\l__regex_capturing_group_int=\count165
\l__regex_min_pos_int=\count166
\l__regex_max_pos_int=\count167
\l__regex_curr_pos_int=\count168
\l__regex_start_pos_int=\count169
\l__regex_success_pos_int=\count170
\l__regex_curr_char_int=\count171
\l__regex_curr_catcode_int=\count172
\l__regex_last_char_int=\count173
\l__regex_case_changed_char_int=\count174
\l__regex_curr_state_int=\count175
\l__regex_step_int=\count176
\l__regex_min_active_int=\count177
\l__regex_max_active_int=\count178
\l__regex_replacement_csnames_int=\count179
\l__regex_match_count_int=\count180
\l__regex_min_submatch_int=\count181
\l__regex_submatch_int=\count182
\l__regex_zeroth_submatch_int=\count183
\g__regex_trace_regex_int=\count184
\c_empty_box=\box29
\l_tmpa_box=\box30
\l_tmpb_box=\box31
\g_tmpa_box=\box32
\g_tmpb_box=\box33
\l__box_top_dim=\dimen119
\l__box_bottom_dim=\dimen120
\l__box_left_dim=\dimen121
\l__box_right_dim=\dimen122
\l__box_top_new_dim=\dimen123
\l__box_bottom_new_dim=\dimen124
\l__box_left_new_dim=\dimen125
\l__box_right_new_dim=\dimen126
\l__box_internal_box=\box34
\l__coffin_internal_box=\box35
\l__coffin_internal_dim=\dimen127
\l__coffin_offset_x_dim=\dimen128
\l__coffin_offset_y_dim=\dimen129
\l__coffin_x_dim=\dimen130
\l__coffin_y_dim=\dimen131
\l__coffin_x_prime_dim=\dimen132
\l__coffin_y_prime_dim=\dimen133
\c_empty_coffin=\box36
\l__coffin_aligned_coffin=\box37
\l__coffin_aligned_internal_coffin=\box38
\l_tmpa_coffin=\box39
\l_tmpb_coffin=\box40
\g_tmpa_coffin=\box41
\g_tmpb_coffin=\box42
\l__coffin_bounding_shift_dim=\dimen134
\l__coffin_left_corner_dim=\dimen135
\l__coffin_right_corner_dim=\dimen136
\l__coffin_bottom_corner_dim=\dimen137
\l__coffin_top_corner_dim=\dimen138
\l__coffin_scaled_total_height_dim=\dimen139
\l__coffin_scaled_width_dim=\dimen140
\c__coffin_empty_coffin=\box43
\l__coffin_display_coffin=\box44
\l__coffin_display_coord_coffin=\box45
\l__coffin_display_pole_coffin=\box46
\l__coffin_display_offset_dim=\dimen141
\l__coffin_display_x_dim=\dimen142
\l__coffin_display_y_dim=\dimen143
\g__char_data_ior=\read1

(c:/Users/sam.castillo/AppData/Roaming/TinyTeX/texmf-dist/tex/latex/l3kernel/l3
deprecation.def
File: l3deprecation.def 2019-04-06 v L3 Deprecated functions
))
(c:/Users/sam.castillo/AppData/Roaming/TinyTeX/texmf-dist/tex/latex/l3backend/l
3backend-xdvipdfmx.def
File: l3backend-xdvipdfmx.def 2019-04-06 L3 backend support: xdvipdfmx
\g__graphics_track_int=\count185
\l__pdf_internal_box=\box47
\g__pdf_backend_object_int=\count186
\g__pdf_backend_annotation_int=\count187
))
Package: xparse 2019-10-11 L3 Experimental document command parser
\l__xparse_current_arg_int=\count188
\g__xparse_grabber_int=\count189
\l__xparse_m_args_int=\count190
\l__xparse_v_nesting_int=\count191
)
Package: fontspec 2019/10/19 v2.7d Font selection for XeLaTeX and LuaLaTeX

(c:/Users/sam.castillo/AppData/Roaming/TinyTeX/texmf-dist/tex/latex/fontspec/fo
ntspec-xetex.sty
Package: fontspec-xetex 2019/10/19 v2.7d Font selection for XeLaTeX and LuaLaTe
X
\l__fontspec_script_int=\count192
\l__fontspec_language_int=\count193
\l__fontspec_strnum_int=\count194
\l__fontspec_tmp_int=\count195
\l__fontspec_tmpa_int=\count196
\l__fontspec_tmpb_int=\count197
\l__fontspec_tmpc_int=\count198
\l__fontspec_em_int=\count199
\l__fontspec_emdef_int=\count266
\l__fontspec_strong_int=\count267
\l__fontspec_strongdef_int=\count268
\l__fontspec_tmpa_dim=\dimen144
\l__fontspec_tmpb_dim=\dimen145
\l__fontspec_tmpc_dim=\dimen146

(c:/Users/sam.castillo/AppData/Roaming/TinyTeX/texmf-dist/tex/latex/base/fonten
c.sty
Package: fontenc 2018/08/11 v2.0j Standard LaTeX package

(c:/Users/sam.castillo/AppData/Roaming/TinyTeX/texmf-dist/tex/latex/base/tuenc.
def
File: tuenc.def 2018/08/11 v2.0j Standard LaTeX file
LaTeX Font Info:    Redeclaring font encoding TU on input line 82.
))
(c:/Users/sam.castillo/AppData/Roaming/TinyTeX/texmf-dist/tex/latex/fontspec/fo
ntspec.cfg)
LaTeX Info: Redefining \itshape on input line 4047.
LaTeX Info: Redefining \slshape on input line 4052.
LaTeX Info: Redefining \scshape on input line 4057.
LaTeX Info: Redefining \upshape on input line 4062.
LaTeX Info: Redefining \em on input line 4092.
LaTeX Info: Redefining \emph on input line 4117.
))
(c:/Users/sam.castillo/AppData/Roaming/TinyTeX/texmf-dist/tex/latex/xkeyval/xke
yval.sty
Package: xkeyval 2014/12/03 v2.7a package option processing (HA)

(c:/Users/sam.castillo/AppData/Roaming/TinyTeX/texmf-dist/tex/generic/xkeyval/x
keyval.tex
(c:/Users/sam.castillo/AppData/Roaming/TinyTeX/texmf-dist/tex/generic/xkeyval/x
kvutils.tex
\XKV@toks=\toks20
\XKV@tempa@toks=\toks21

(c:/Users/sam.castillo/AppData/Roaming/TinyTeX/texmf-dist/tex/generic/xkeyval/k
eyval.tex))
\XKV@depth=\count269
File: xkeyval.tex 2014/12/03 v2.7a key=value parser (HA)
))
\c@eu@=\count270
\c@eu@i=\count271
\c@mkern=\count272
)
(c:/Users/sam.castillo/AppData/Roaming/TinyTeX/texmf-dist/tex/latex/upquote/upq
uote.sty
Package: upquote 2012/04/19 v1.3 upright-quote and grave-accent glyphs in verba
tim

(c:/Users/sam.castillo/AppData/Roaming/TinyTeX/texmf-dist/tex/latex/base/textco
mp.sty
Package: textcomp 2018/08/11 v2.0j Standard LaTeX package
Package textcomp Info: Sub-encoding information:
(textcomp)               5 = only ISO-Adobe without \textcurrency
(textcomp)               4 = 5 + \texteuro
(textcomp)               3 = 4 + \textohm
(textcomp)               2 = 3 + \textestimated + \textcurrency
(textcomp)               1 = TS1 - \textcircled - \t
(textcomp)               0 = TS1 (full)
(textcomp)             Font families with sub-encoding setting implement
(textcomp)             only a restricted character set as indicated.
(textcomp)             Family '?' is the default used for unknown fonts.
(textcomp)             See the documentation for details.
Package textcomp Info: Setting ? sub-encoding to TS1/1 on input line 79.

(c:/Users/sam.castillo/AppData/Roaming/TinyTeX/texmf-dist/tex/latex/base/ts1enc
.def
File: ts1enc.def 2001/06/05 v3.0e (jk/car/fm) Standard LaTeX file
)
LaTeX Info: Redefining \oldstylenums on input line 334.
Package textcomp Info: Setting cmr sub-encoding to TS1/0 on input line 349.
Package textcomp Info: Setting cmss sub-encoding to TS1/0 on input line 350.
Package textcomp Info: Setting cmtt sub-encoding to TS1/0 on input line 351.
Package textcomp Info: Setting cmvtt sub-encoding to TS1/0 on input line 352.
Package textcomp Info: Setting cmbr sub-encoding to TS1/0 on input line 353.
Package textcomp Info: Setting cmtl sub-encoding to TS1/0 on input line 354.
Package textcomp Info: Setting ccr sub-encoding to TS1/0 on input line 355.
Package textcomp Info: Setting ptm sub-encoding to TS1/4 on input line 356.
Package textcomp Info: Setting pcr sub-encoding to TS1/4 on input line 357.
Package textcomp Info: Setting phv sub-encoding to TS1/4 on input line 358.
Package textcomp Info: Setting ppl sub-encoding to TS1/3 on input line 359.
Package textcomp Info: Setting pag sub-encoding to TS1/4 on input line 360.
Package textcomp Info: Setting pbk sub-encoding to TS1/4 on input line 361.
Package textcomp Info: Setting pnc sub-encoding to TS1/4 on input line 362.
Package textcomp Info: Setting pzc sub-encoding to TS1/4 on input line 363.
Package textcomp Info: Setting bch sub-encoding to TS1/4 on input line 364.
Package textcomp Info: Setting put sub-encoding to TS1/5 on input line 365.
Package textcomp Info: Setting uag sub-encoding to TS1/5 on input line 366.
Package textcomp Info: Setting ugq sub-encoding to TS1/5 on input line 367.
Package textcomp Info: Setting ul8 sub-encoding to TS1/4 on input line 368.
Package textcomp Info: Setting ul9 sub-encoding to TS1/4 on input line 369.
Package textcomp Info: Setting augie sub-encoding to TS1/5 on input line 370.
Package textcomp Info: Setting dayrom sub-encoding to TS1/3 on input line 371.
Package textcomp Info: Setting dayroms sub-encoding to TS1/3 on input line 372.

Package textcomp Info: Setting pxr sub-encoding to TS1/0 on input line 373.
Package textcomp Info: Setting pxss sub-encoding to TS1/0 on input line 374.
Package textcomp Info: Setting pxtt sub-encoding to TS1/0 on input line 375.
Package textcomp Info: Setting txr sub-encoding to TS1/0 on input line 376.
Package textcomp Info: Setting txss sub-encoding to TS1/0 on input line 377.
Package textcomp Info: Setting txtt sub-encoding to TS1/0 on input line 378.
Package textcomp Info: Setting lmr sub-encoding to TS1/0 on input line 379.
Package textcomp Info: Setting lmdh sub-encoding to TS1/0 on input line 380.
Package textcomp Info: Setting lmss sub-encoding to TS1/0 on input line 381.
Package textcomp Info: Setting lmssq sub-encoding to TS1/0 on input line 382.
Package textcomp Info: Setting lmvtt sub-encoding to TS1/0 on input line 383.
Package textcomp Info: Setting lmtt sub-encoding to TS1/0 on input line 384.
Package textcomp Info: Setting qhv sub-encoding to TS1/0 on input line 385.
Package textcomp Info: Setting qag sub-encoding to TS1/0 on input line 386.
Package textcomp Info: Setting qbk sub-encoding to TS1/0 on input line 387.
Package textcomp Info: Setting qcr sub-encoding to TS1/0 on input line 388.
Package textcomp Info: Setting qcs sub-encoding to TS1/0 on input line 389.
Package textcomp Info: Setting qpl sub-encoding to TS1/0 on input line 390.
Package textcomp Info: Setting qtm sub-encoding to TS1/0 on input line 391.
Package textcomp Info: Setting qzc sub-encoding to TS1/0 on input line 392.
Package textcomp Info: Setting qhvc sub-encoding to TS1/0 on input line 393.
Package textcomp Info: Setting futs sub-encoding to TS1/4 on input line 394.
Package textcomp Info: Setting futx sub-encoding to TS1/4 on input line 395.
Package textcomp Info: Setting futj sub-encoding to TS1/4 on input line 396.
Package textcomp Info: Setting hlh sub-encoding to TS1/3 on input line 397.
Package textcomp Info: Setting hls sub-encoding to TS1/3 on input line 398.
Package textcomp Info: Setting hlst sub-encoding to TS1/3 on input line 399.
Package textcomp Info: Setting hlct sub-encoding to TS1/5 on input line 400.
Package textcomp Info: Setting hlx sub-encoding to TS1/5 on input line 401.
Package textcomp Info: Setting hlce sub-encoding to TS1/5 on input line 402.
Package textcomp Info: Setting hlcn sub-encoding to TS1/5 on input line 403.
Package textcomp Info: Setting hlcw sub-encoding to TS1/5 on input line 404.
Package textcomp Info: Setting hlcf sub-encoding to TS1/5 on input line 405.
Package textcomp Info: Setting pplx sub-encoding to TS1/3 on input line 406.
Package textcomp Info: Setting pplj sub-encoding to TS1/3 on input line 407.
Package textcomp Info: Setting ptmx sub-encoding to TS1/4 on input line 408.
Package textcomp Info: Setting ptmj sub-encoding to TS1/4 on input line 409.
))
(c:/Users/sam.castillo/AppData/Roaming/TinyTeX/texmf-dist/tex/latex/hyperref/hy
perref.sty
Package: hyperref 2019/09/28 v7.00a Hypertext links for LaTeX

(c:/Users/sam.castillo/AppData/Roaming/TinyTeX/texmf-dist/tex/generic/oberdiek/
hobsub-hyperref.sty
Package: hobsub-hyperref 2016/05/16 v1.14 Bundle oberdiek, subset hyperref (HO)


(c:/Users/sam.castillo/AppData/Roaming/TinyTeX/texmf-dist/tex/generic/oberdiek/
hobsub-generic.sty
Package: hobsub-generic 2016/05/16 v1.14 Bundle oberdiek, subset generic (HO)
Package: hobsub 2016/05/16 v1.14 Construct package bundles (HO)
Package: infwarerr 2016/05/16 v1.4 Providing info/warning/error messages (HO)
Package: ltxcmds 2016/05/16 v1.23 LaTeX kernel commands for general use (HO)
Package hobsub Info: Skipping package `ifluatex' (already loaded).
Package: ifvtex 2016/05/16 v1.6 Detect VTeX and its facilities (HO)
Package ifvtex Info: VTeX not detected.
Package: intcalc 2016/05/16 v1.2 Expandable calculations with integers (HO)
Package: ifpdf 2018/09/07 v3.3 Provides the ifpdf switch
Package: etexcmds 2016/05/16 v1.6 Avoid name clashes with e-TeX commands (HO)
Package: kvsetkeys 2016/05/16 v1.17 Key value parser (HO)
Package: kvdefinekeys 2016/05/16 v1.4 Define keys (HO)
Package: pdftexcmds 2019/07/25 v0.30 Utility functions of pdfTeX for LuaTeX (HO
)
Package pdftexcmds Info: LuaTeX not detected.
Package pdftexcmds Info: pdfTeX >= 1.30 not detected.
Package pdftexcmds Info: \pdf@primitive is available.
Package pdftexcmds Info: \pdf@ifprimitive is available.
Package pdftexcmds Info: \pdfdraftmode not found.
Package: pdfescape 2016/05/16 v1.14 Implements pdfTeX's escape features (HO)
Package: bigintcalc 2016/05/16 v1.4 Expandable calculations on big integers (HO
)
Package: bitset 2016/05/16 v1.2 Handle bit-vector datatype (HO)
Package: uniquecounter 2016/05/16 v1.3 Provide unlimited unique counter (HO)
)
Package hobsub Info: Skipping package `hobsub' (already loaded).
Package: letltxmacro 2016/05/16 v1.5 Let assignment for LaTeX macros (HO)
Package: hopatch 2016/05/16 v1.3 Wrapper for package hooks (HO)
Package: xcolor-patch 2016/05/16 xcolor patch
Package: atveryend 2016/05/16 v1.9 Hooks at the very end of document (HO)
Package: atbegshi 2016/06/09 v1.18 At begin shipout hook (HO)
Package: refcount 2016/05/16 v3.5 Data extraction from label references (HO)
Package: hycolor 2016/05/16 v1.8 Color options for hyperref/bookmark (HO)
)
(c:/Users/sam.castillo/AppData/Roaming/TinyTeX/texmf-dist/tex/latex/oberdiek/au
xhook.sty
Package: auxhook 2016/05/16 v1.4 Hooks for auxiliary files (HO)
)
(c:/Users/sam.castillo/AppData/Roaming/TinyTeX/texmf-dist/tex/latex/oberdiek/kv
options.sty
Package: kvoptions 2016/05/16 v3.12 Key value format for package options (HO)
)
\@linkdim=\dimen147
\Hy@linkcounter=\count273
\Hy@pagecounter=\count274

(c:/Users/sam.castillo/AppData/Roaming/TinyTeX/texmf-dist/tex/latex/hyperref/pd
1enc.def
File: pd1enc.def 2019/09/28 v7.00a Hyperref: PDFDocEncoding definition (HO)
)
\Hy@SavedSpaceFactor=\count275

(c:/Users/sam.castillo/AppData/Roaming/TinyTeX/texmf-dist/tex/latex/latexconfig
/hyperref.cfg
File: hyperref.cfg 2002/06/06 v1.2 hyperref configuration of TeXLive
)
Package hyperref Info: Hyper figures OFF on input line 4540.
Package hyperref Info: Link nesting OFF on input line 4545.
Package hyperref Info: Hyper index ON on input line 4548.
Package hyperref Info: Plain pages OFF on input line 4555.
Package hyperref Info: Backreferencing OFF on input line 4560.
Package hyperref Info: Implicit mode ON; LaTeX internals redefined.
Package hyperref Info: Bookmarks ON on input line 4793.
\c@Hy@tempcnt=\count276

(c:/Users/sam.castillo/AppData/Roaming/TinyTeX/texmf-dist/tex/latex/url/url.sty
\Urlmuskip=\muskip17
Package: url 2013/09/16  ver 3.4  Verb mode for urls, etc.
)
LaTeX Info: Redefining \url on input line 5152.
\XeTeXLinkMargin=\dimen148
\Fld@menulength=\count277
\Field@Width=\dimen149
\Fld@charsize=\dimen150
Package hyperref Info: Hyper figures OFF on input line 6423.
Package hyperref Info: Link nesting OFF on input line 6428.
Package hyperref Info: Hyper index ON on input line 6431.
Package hyperref Info: backreferencing OFF on input line 6438.
Package hyperref Info: Link coloring OFF on input line 6443.
Package hyperref Info: Link coloring with OCG OFF on input line 6448.
Package hyperref Info: PDF/A mode OFF on input line 6453.
LaTeX Info: Redefining \ref on input line 6493.
LaTeX Info: Redefining \pageref on input line 6497.
\Hy@abspage=\count278
\c@Item=\count279
\c@Hfootnote=\count280
)
Package hyperref Info: Driver (autodetected): hxetex.

(c:/Users/sam.castillo/AppData/Roaming/TinyTeX/texmf-dist/tex/latex/hyperref/hx
etex.def
File: hxetex.def 2019/09/28 v7.00a Hyperref driver for XeTeX

(c:/Users/sam.castillo/AppData/Roaming/TinyTeX/texmf-dist/tex/latex/hyperref/pu
enc.def
File: puenc.def 2019/09/28 v7.00a Hyperref: PDF Unicode definition (HO)
)
(c:/Users/sam.castillo/AppData/Roaming/TinyTeX/texmf-dist/tex/generic/oberdiek/
stringenc.sty
Package: stringenc 2016/05/16 v1.11 Convert strings between diff. encodings (HO
)
)
\pdfm@box=\box48
\c@Hy@AnnotLevel=\count281
\HyField@AnnotCount=\count282
\Fld@listcount=\count283
\c@bookmark@seq@number=\count284

(c:/Users/sam.castillo/AppData/Roaming/TinyTeX/texmf-dist/tex/latex/oberdiek/re
runfilecheck.sty
Package: rerunfilecheck 2016/05/16 v1.8 Rerun checks for auxiliary files (HO)
Package uniquecounter Info: New unique counter `rerunfilecheck' on input line 2
82.
)
\Hy@SectionHShift=\skip52
)
Package hyperref Info: Option `unicode' set `true' on input line 29.

(c:/Users/sam.castillo/AppData/Roaming/TinyTeX/texmf-dist/tex/generic/oberdiek/
se-ascii-print.def
File: se-ascii-print.def 2016/05/16 v1.11 stringenc: Printable ASCII characters

)
Package hyperref Info: Option `breaklinks' set `true' on input line 29.

(c:/Users/sam.castillo/AppData/Roaming/TinyTeX/texmf-dist/tex/latex/natbib/natb
ib.sty
Package: natbib 2010/09/13 8.31b (PWD, AO)
\bibhang=\skip53
\bibsep=\skip54
LaTeX Info: Redefining \cite on input line 694.
\c@NAT@ctr=\count285
)
(c:/Users/sam.castillo/AppData/Roaming/TinyTeX/texmf-dist/tex/latex/graphics/co
lor.sty
Package: color 2016/07/10 v1.1e Standard LaTeX Color (DPC)

(c:/Users/sam.castillo/AppData/Roaming/TinyTeX/texmf-dist/tex/latex/graphics-cf
g/color.cfg
File: color.cfg 2016/01/02 v1.6 sample color configuration
)
Package color Info: Driver file: xetex.def on input line 147.

(c:/Users/sam.castillo/AppData/Roaming/TinyTeX/texmf-dist/tex/latex/graphics-de
f/xetex.def
File: xetex.def 2017/06/24 v5.0h Graphics/color driver for xetex
))
(c:/Users/sam.castillo/AppData/Roaming/TinyTeX/texmf-dist/tex/latex/fancyvrb/fa
ncyvrb.sty
Package: fancyvrb 2019/10/22
Style option: `fancyvrb' v3.3 <2019/10/22> (tvz)
\FV@CodeLineNo=\count286
\FV@InFile=\read2
\FV@TabBox=\box49
\c@FancyVerbLine=\count287
\FV@StepNumber=\count288
\FV@OutFile=\write3
)
(c:/Users/sam.castillo/AppData/Roaming/TinyTeX/texmf-dist/tex/latex/framed/fram
ed.sty
Package: framed 2011/10/22 v 0.96: framed or shaded text with page breaks
\OuterFrameSep=\skip55
\fb@frw=\dimen151
\fb@frh=\dimen152
\FrameRule=\dimen153
\FrameSep=\dimen154
)
(c:/Users/sam.castillo/AppData/Roaming/TinyTeX/texmf-dist/tex/latex/tools/longt
able.sty
Package: longtable 2019/02/06 v4.12 Multi-page Table package (DPC)
\LTleft=\skip56
\LTright=\skip57
\LTpre=\skip58
\LTpost=\skip59
\LTchunksize=\count289
\LTcapwidth=\dimen155
\LT@head=\box50
\LT@firsthead=\box51
\LT@foot=\box52
\LT@lastfoot=\box53
\LT@cols=\count290
\LT@rows=\count291
\c@LT@tables=\count292
\c@LT@chunks=\count293
\LT@p@ftn=\toks22
)
(c:/Users/sam.castillo/AppData/Roaming/TinyTeX/texmf-dist/tex/latex/booktabs/bo
oktabs.sty
Package: booktabs 2019/10/08 v1.6180339 publication quality tables
\heavyrulewidth=\dimen156
\lightrulewidth=\dimen157
\cmidrulewidth=\dimen158
\belowrulesep=\dimen159
\belowbottomsep=\dimen160
\aboverulesep=\dimen161
\abovetopsep=\dimen162
\cmidrulesep=\dimen163
\cmidrulekern=\dimen164
\defaultaddspace=\dimen165
\@cmidla=\count294
\@cmidlb=\count295
\@aboverulesep=\dimen166
\@belowrulesep=\dimen167
\@thisruleclass=\count296
\@lastruleclass=\count297
\@thisrulewidth=\dimen168
)
(c:/Users/sam.castillo/AppData/Roaming/TinyTeX/texmf-dist/tex/latex/graphics/gr
aphicx.sty
Package: graphicx 2017/06/01 v1.1a Enhanced LaTeX Graphics (DPC,SPQR)

(c:/Users/sam.castillo/AppData/Roaming/TinyTeX/texmf-dist/tex/latex/graphics/gr
aphics.sty
Package: graphics 2019/10/08 v1.3c Standard LaTeX Graphics (DPC,SPQR)

(c:/Users/sam.castillo/AppData/Roaming/TinyTeX/texmf-dist/tex/latex/graphics/tr
ig.sty
Package: trig 2016/01/03 v1.10 sin cos tan (DPC)
)
(c:/Users/sam.castillo/AppData/Roaming/TinyTeX/texmf-dist/tex/latex/graphics-cf
g/graphics.cfg
File: graphics.cfg 2016/06/04 v1.11 sample graphics configuration
)
Package graphics Info: Driver file: xetex.def on input line 105.
)
\Gin@req@height=\dimen169
\Gin@req@width=\dimen170
)
(c:/Users/sam.castillo/AppData/Roaming/TinyTeX/texmf-dist/tex/latex/oberdiek/gr
ffile.sty
Package: grffile 2017/06/30 v1.18 Extended file name support for graphics (HO)
Package grffile Info: Option `multidot' is set to `true'.
Package grffile Info: Option `extendedchars' is set to `false'.
Package grffile Info: Option `space' is set to `true'.
Package grffile Info: \Gin@ii of package `graphicx' fixed on input line 494.
)
(c:/Users/sam.castillo/AppData/Roaming/TinyTeX/texmf-dist/tex/latex/titling/tit
ling.sty
Package: titling 2009/09/04 v2.1d maketitle typesetting
\thanksmarkwidth=\skip60
\thanksmargin=\skip61
\droptitle=\skip62
)
(c:/Users/sam.castillo/AppData/Roaming/TinyTeX/texmf-dist/tex/latex/amscls/amst
hm.sty
Package: amsthm 2017/10/31 v2.20.4
\thm@style=\toks23
\thm@bodyfont=\toks24
\thm@headfont=\toks25
\thm@notefont=\toks26
\thm@headpunct=\toks27
\thm@preskip=\skip63
\thm@postskip=\skip64
\thm@headsep=\skip65
\dth@everypar=\toks28
)
(c:/Users/sam.castillo/AppData/Roaming/TinyTeX/texmf-dist/tex/latex/tools/array
.sty
Package: array 2019/08/31 v2.4l Tabular extension package (FMi)
\col@sep=\dimen171
\ar@mcellbox=\box54
\extrarowheight=\dimen172
\NC@list=\toks29
\extratabsurround=\skip66
\backup@length=\skip67
\ar@cellbox=\box55
)
(c:/Users/sam.castillo/AppData/Roaming/TinyTeX/texmf-dist/tex/latex/multirow/mu
ltirow.sty
Package: multirow 2019/05/31 v2.5 Span multiple rows of a table
\multirow@colwidth=\skip68
\multirow@cntb=\count298
\multirow@dima=\skip69
\bigstrutjot=\dimen173
)
(c:/Users/sam.castillo/AppData/Roaming/TinyTeX/texmf-dist/tex/latex/wrapfig/wra
pfig.sty
\wrapoverhang=\dimen174
\WF@size=\dimen175
\c@WF@wrappedlines=\count299
\WF@box=\box56
\WF@everypar=\toks30
Package: wrapfig 2003/01/31  v 3.6
)
(c:/Users/sam.castillo/AppData/Roaming/TinyTeX/texmf-dist/tex/latex/float/float
.sty
Package: float 2001/11/08 v1.3d Float enhancements (AL)
\c@float@type=\count300
\float@exts=\toks31
\float@box=\box57
\@float@everytoks=\toks32
\@floatcapt=\box58
)
(c:/Users/sam.castillo/AppData/Roaming/TinyTeX/texmf-dist/tex/latex/colortbl/co
lortbl.sty
Package: colortbl 2018/12/12 v1.0d Color table columns (DPC)
\everycr=\toks33
\minrowclearance=\skip70
)
(c:/Users/sam.castillo/AppData/Roaming/TinyTeX/texmf-dist/tex/latex/oberdiek/pd
flscape.sty
Package: pdflscape 2016/05/14 v0.11 Display of landscape pages in PDF (HO)

(c:/Users/sam.castillo/AppData/Roaming/TinyTeX/texmf-dist/tex/latex/graphics/ls
cape.sty
Package: lscape 2000/10/22 v3.01 Landscape Pages (DPC)
)
Package pdflscape Info: Auto-detected driver: dvipdfm (xetex) on input line 99.

)
(c:/Users/sam.castillo/AppData/Roaming/TinyTeX/texmf-dist/tex/latex/tabu/tabu.s
ty
Package: tabu 2019/01/11 v2.9 - flexible LaTeX tabulars (FC+tabu-fixed)

(c:/Users/sam.castillo/AppData/Roaming/TinyTeX/texmf-dist/tex/latex/varwidth/va
rwidth.sty
Package: varwidth 2009/03/30 ver 0.92;  Variable-width minipages
\@vwid@box=\box59
\sift@deathcycles=\count301
\@vwid@loff=\dimen176
\@vwid@roff=\dimen177
)
\c@taburow=\count302
\tabu@nbcols=\count303
\tabu@cnt=\count304
\tabu@Xcol=\count305
\tabu@alloc=\count306
\tabu@nested=\count307
\tabu@target=\dimen178
\tabu@spreadtarget=\dimen179
\tabu@naturalX=\dimen180
\tabucolX=\dimen181
\tabu@Xsum=\dimen182
\extrarowdepth=\dimen183
\abovetabulinesep=\dimen184
\belowtabulinesep=\dimen185
\tabustrutrule=\dimen186
\tabu@thebody=\toks34
\tabu@footnotes=\toks35
\tabu@box=\box60
\tabu@arstrutbox=\box61
\tabu@hleads=\box62
\tabu@vleads=\box63
\tabu@cellskip=\skip71
)
(c:/Users/sam.castillo/AppData/Roaming/TinyTeX/texmf-dist/tex/latex/threepartta
ble/threeparttable.sty
Package: threeparttable 2003/06/13  v 3.0
\@tempboxb=\box64
)
(c:/Users/sam.castillo/AppData/Roaming/TinyTeX/texmf-dist/tex/latex/threepartta
blex/threeparttablex.sty
Package: threeparttablex 2013/07/23 v0.3 by daleif

(c:/Users/sam.castillo/AppData/Roaming/TinyTeX/texmf-dist/tex/latex/environ/env
iron.sty
Package: environ 2014/05/04 v0.3 A new way to define environments

(c:/Users/sam.castillo/AppData/Roaming/TinyTeX/texmf-dist/tex/latex/trimspaces/
trimspaces.sty
Package: trimspaces 2009/09/17 v1.1 Trim spaces around a token list
))
\TPTL@width=\skip72
)
(c:/Users/sam.castillo/AppData/Roaming/TinyTeX/texmf-dist/tex/generic/ulem/ulem
.sty
\UL@box=\box65
\UL@hyphenbox=\box66
\UL@skip=\skip73
\UL@hook=\toks36
\UL@height=\dimen187
\UL@pe=\count308
\UL@pixel=\dimen188
\ULC@box=\box67
Package: ulem 2012/05/18
\ULdepth=\dimen189
)
(c:/Users/sam.castillo/AppData/Roaming/TinyTeX/texmf-dist/tex/latex/makecell/ma
kecell.sty
Package: makecell 2009/08/03 V0.1e Managing of Tab Column Heads and Cells
\rotheadsize=\dimen190
\c@nlinenum=\count309
\TeXr@lab=\toks37
)
(c:/Users/sam.castillo/AppData/Roaming/TinyTeX/texmf-dist/tex/latex/xcolor/xcol
or.sty
Package: xcolor 2016/05/11 v2.12 LaTeX color extensions (UK)

(c:/Users/sam.castillo/AppData/Roaming/TinyTeX/texmf-dist/tex/latex/graphics-cf
g/color.cfg
File: color.cfg 2016/01/02 v1.6 sample color configuration
)
Package xcolor Info: Driver file: xetex.def on input line 225.
LaTeX Info: Redefining \color on input line 709.
Package xcolor Info: Model `cmy' substituted by `cmy0' on input line 1348.
Package xcolor Info: Model `RGB' extended on input line 1364.
Package xcolor Info: Model `HTML' substituted by `rgb' on input line 1366.
Package xcolor Info: Model `Hsb' substituted by `hsb' on input line 1367.
Package xcolor Info: Model `tHsb' substituted by `hsb' on input line 1368.
Package xcolor Info: Model `HSB' substituted by `hsb' on input line 1369.
Package xcolor Info: Model `Gray' substituted by `gray' on input line 1370.
Package xcolor Info: Model `wave' substituted by `hsb' on input line 1371.
) (./Exam-PA-Study-Manual.aux)
\openout1 = `Exam-PA-Study-Manual.aux'.

LaTeX Font Info:    Checking defaults for OML/cmm/m/it on input line 153.
LaTeX Font Info:    ... okay on input line 153.
LaTeX Font Info:    Checking defaults for T1/cmr/m/n on input line 153.
LaTeX Font Info:    ... okay on input line 153.
LaTeX Font Info:    Checking defaults for OT1/cmr/m/n on input line 153.
LaTeX Font Info:    ... okay on input line 153.
LaTeX Font Info:    Checking defaults for OMS/cmsy/m/n on input line 153.
LaTeX Font Info:    ... okay on input line 153.
LaTeX Font Info:    Checking defaults for TU/lmr/m/n on input line 153.
LaTeX Font Info:    ... okay on input line 153.
LaTeX Font Info:    Checking defaults for OMX/cmex/m/n on input line 153.
LaTeX Font Info:    ... okay on input line 153.
LaTeX Font Info:    Checking defaults for U/cmr/m/n on input line 153.
LaTeX Font Info:    ... okay on input line 153.
LaTeX Font Info:    Checking defaults for TS1/cmr/m/n on input line 153.
LaTeX Font Info:    Trying to load font information for TS1+cmr on input line 1
53.

(c:/Users/sam.castillo/AppData/Roaming/TinyTeX/texmf-dist/tex/latex/base/ts1cmr
.fd
File: ts1cmr.fd 2014/09/29 v2.5h Standard LaTeX font definitions
)
LaTeX Font Info:    ... okay on input line 153.
LaTeX Font Info:    Checking defaults for PD1/pdf/m/n on input line 153.
LaTeX Font Info:    ... okay on input line 153.
LaTeX Font Info:    Checking defaults for PU/pdf/m/n on input line 153.
LaTeX Font Info:    ... okay on input line 153.
\AtBeginShipoutBox=\box68
Package hyperref Info: Link coloring OFF on input line 153.

(c:/Users/sam.castillo/AppData/Roaming/TinyTeX/texmf-dist/tex/latex/hyperref/na
meref.sty
Package: nameref 2019/09/16 v2.46 Cross-referencing by name of section

(c:/Users/sam.castillo/AppData/Roaming/TinyTeX/texmf-dist/tex/generic/oberdiek/
gettitlestring.sty
Package: gettitlestring 2016/05/16 v1.5 Cleanup title references (HO)
)
\c@section@level=\count310
)
LaTeX Info: Redefining \ref on input line 153.
LaTeX Info: Redefining \pageref on input line 153.
LaTeX Info: Redefining \nameref on input line 153.
(./Exam-PA-Study-Manual.out) (./Exam-PA-Study-Manual.out)
\@outlinefile=\write4
\openout4 = `Exam-PA-Study-Manual.out'.

[1


] (./Exam-PA-Study-Manual.toc
LaTeX Font Info:    Trying to load font information for OT1+lmr on input line 2
.

(c:/Users/sam.castillo/AppData/Roaming/TinyTeX/texmf-dist/tex/latex/lm/ot1lmr.f
d
File: ot1lmr.fd 2009/10/30 v1.6 Font defs for Latin Modern
)
LaTeX Font Info:    Trying to load font information for OML+lmm on input line 2
.

(c:/Users/sam.castillo/AppData/Roaming/TinyTeX/texmf-dist/tex/latex/lm/omllmm.f
d
File: omllmm.fd 2009/10/30 v1.6 Font defs for Latin Modern
)
LaTeX Font Info:    Trying to load font information for OMS+lmsy on input line 
2.

(c:/Users/sam.castillo/AppData/Roaming/TinyTeX/texmf-dist/tex/latex/lm/omslmsy.
fd
File: omslmsy.fd 2009/10/30 v1.6 Font defs for Latin Modern
)
LaTeX Font Info:    Trying to load font information for OMX+lmex on input line 
2.

(c:/Users/sam.castillo/AppData/Roaming/TinyTeX/texmf-dist/tex/latex/lm/omxlmex.
fd
File: omxlmex.fd 2009/10/30 v1.6 Font defs for Latin Modern
)
LaTeX Font Info:    External font `lmex10' loaded for size
(Font)              <10> on input line 2.
LaTeX Font Info:    External font `lmex10' loaded for size
(Font)              <7> on input line 2.
LaTeX Font Info:    External font `lmex10' loaded for size
(Font)              <5> on input line 2.
LaTeX Font Info:    Trying to load font information for U+msa on input line 2.

(c:/Users/sam.castillo/AppData/Roaming/TinyTeX/texmf-dist/tex/latex/amsfonts/um
sa.fd
File: umsa.fd 2013/01/14 v3.01 AMS symbols A
)
LaTeX Font Info:    Trying to load font information for U+msb on input line 2.

(c:/Users/sam.castillo/AppData/Roaming/TinyTeX/texmf-dist/tex/latex/amsfonts/um
sb.fd
File: umsb.fd 2013/01/14 v3.01 AMS symbols B
) [2

] [3])
\tf@toc=\write5
\openout5 = `Exam-PA-Study-Manual.toc'.

[4]
Chapter 1.
[5

]
File: "images/""gitbook_pull_request".png Graphic file (type bmp)
<"images/""gitbook_pull_request".png>
[6]
Chapter 2.
[7

]
Chapter 3.
[8

]
Chapter 4.

Package xcolor Warning: Incompatible color definition on input line 281.

LaTeX Font Info:    Font shape `TU/lmtt/bx/n' in size <10> not available
(Font)              Font shape `TU/lmtt/b/n' tried instead on input line 285.

Package xcolor Warning: Incompatible color definition on input line 294.


Package xcolor Warning: Incompatible color definition on input line 294.


Package xcolor Warning: Incompatible color definition on input line 298.


Package xcolor Warning: Incompatible color definition on input line 303.


Package xcolor Warning: Incompatible color definition on input line 303.


Overfull \hbox (6.75pt too wide) in paragraph at lines 320--320
[]\TU/lmtt/m/n/10 ##     district       group               age               h
olders[] 
 []


Overfull \hbox (33.0pt too wide) in paragraph at lines 320--320
[]\TU/lmtt/m/n/10 ##  Min.   :1.00   Length:64          Length:64          Min.
   :   3.00[] 
 []


Overfull \hbox (33.0pt too wide) in paragraph at lines 320--320
[]\TU/lmtt/m/n/10 ##  1st Qu.:1.75   Class :character   Class :character   1st 
Qu.:  46.75[] 
 []


Overfull \hbox (33.0pt too wide) in paragraph at lines 320--320
[]\TU/lmtt/m/n/10 ##  Median :2.50   Mode  :character   Mode  :character   Medi
an : 136.00[] 
 []


Overfull \hbox (33.0pt too wide) in paragraph at lines 320--320
[]\TU/lmtt/m/n/10 ##  Mean   :2.50                                         Mean
   : 364.98[] 
 []


Overfull \hbox (33.0pt too wide) in paragraph at lines 320--320
[]\TU/lmtt/m/n/10 ##  3rd Qu.:3.25                                         3rd 
Qu.: 327.50[] 
 []

[9

]
Overfull \hbox (33.0pt too wide) in paragraph at lines 320--320
[]\TU/lmtt/m/n/10 ##  Max.   :4.00                                         Max.
   :3582.00[] 
 []


Package xcolor Warning: Incompatible color definition on input line 348.


Package xcolor Warning: Incompatible color definition on input line 352.


Package xcolor Warning: Incompatible color definition on input line 352.

[10]
Chapter 5.

Package xcolor Warning: Incompatible color definition on input line 366.


Package xcolor Warning: Incompatible color definition on input line 370.


Package xcolor Warning: Incompatible color definition on input line 370.


Package xcolor Warning: Incompatible color definition on input line 383.


Package xcolor Warning: Incompatible color definition on input line 388.


Package xcolor Warning: Incompatible color definition on input line 388.


Package xcolor Warning: Incompatible color definition on input line 394.

[11

]

Package xcolor Warning: Incompatible color definition on input line 398.


Package xcolor Warning: Incompatible color definition on input line 398.


Package xcolor Warning: Incompatible color definition on input line 404.


Package xcolor Warning: Incompatible color definition on input line 409.


Package xcolor Warning: Incompatible color definition on input line 409.


Package xcolor Warning: Incompatible color definition on input line 415.


Package xcolor Warning: Incompatible color definition on input line 420.


Package xcolor Warning: Incompatible color definition on input line 420.


Package xcolor Warning: Incompatible color definition on input line 426.


Package xcolor Warning: Incompatible color definition on input line 431.


Package xcolor Warning: Incompatible color definition on input line 431.


Package xcolor Warning: Incompatible color definition on input line 443.


Package xcolor Warning: Incompatible color definition on input line 452.


Package xcolor Warning: Incompatible color definition on input line 452.


Package xcolor Warning: Incompatible color definition on input line 458.


Package xcolor Warning: Incompatible color definition on input line 462.


Package xcolor Warning: Incompatible color definition on input line 462.


Package xcolor Warning: Incompatible color definition on input line 468.

[12]

Package xcolor Warning: Incompatible color definition on input line 472.


Package xcolor Warning: Incompatible color definition on input line 472.


Package xcolor Warning: Incompatible color definition on input line 478.


Package xcolor Warning: Incompatible color definition on input line 482.


Package xcolor Warning: Incompatible color definition on input line 482.


Package xcolor Warning: Incompatible color definition on input line 490.


Package xcolor Warning: Incompatible color definition on input line 496.


Package xcolor Warning: Incompatible color definition on input line 496.


Package xcolor Warning: Incompatible color definition on input line 502.


Package xcolor Warning: Incompatible color definition on input line 506.


Package xcolor Warning: Incompatible color definition on input line 506.


Package xcolor Warning: Incompatible color definition on input line 512.


Package xcolor Warning: Incompatible color definition on input line 517.


Package xcolor Warning: Incompatible color definition on input line 517.


Package xcolor Warning: Incompatible color definition on input line 523.


Package xcolor Warning: Incompatible color definition on input line 527.


Package xcolor Warning: Incompatible color definition on input line 527.


Package xcolor Warning: Incompatible color definition on input line 533.


Package xcolor Warning: Incompatible color definition on input line 537.


Package xcolor Warning: Incompatible color definition on input line 537.


Package xcolor Warning: Incompatible color definition on input line 545.

[13]

Package xcolor Warning: Incompatible color definition on input line 550.


Package xcolor Warning: Incompatible color definition on input line 550.


Package xcolor Warning: Incompatible color definition on input line 554.


Package xcolor Warning: Incompatible color definition on input line 562.


Package xcolor Warning: Incompatible color definition on input line 562.


Package xcolor Warning: Incompatible color definition on input line 572.


Package xcolor Warning: Incompatible color definition on input line 577.


Package xcolor Warning: Incompatible color definition on input line 577.


Package xcolor Warning: Incompatible color definition on input line 585.


Package xcolor Warning: Incompatible color definition on input line 590.


Package xcolor Warning: Incompatible color definition on input line 590.


Package xcolor Warning: Incompatible color definition on input line 600.


Package xcolor Warning: Incompatible color definition on input line 606.


Package xcolor Warning: Incompatible color definition on input line 606.


Package xcolor Warning: Incompatible color definition on input line 614.

[14]

Package xcolor Warning: Incompatible color definition on input line 618.


Package xcolor Warning: Incompatible color definition on input line 618.


Package xcolor Warning: Incompatible color definition on input line 626.


Package xcolor Warning: Incompatible color definition on input line 631.


Package xcolor Warning: Incompatible color definition on input line 631.


Package xcolor Warning: Incompatible color definition on input line 639.


Package xcolor Warning: Incompatible color definition on input line 644.


Package xcolor Warning: Incompatible color definition on input line 644.


Package xcolor Warning: Incompatible color definition on input line 650.


Package xcolor Warning: Incompatible color definition on input line 654.


Package xcolor Warning: Incompatible color definition on input line 654.


Package xcolor Warning: Incompatible color definition on input line 660.


Package xcolor Warning: Incompatible color definition on input line 664.


Package xcolor Warning: Incompatible color definition on input line 664.


Package xcolor Warning: Incompatible color definition on input line 670.


Package xcolor Warning: Incompatible color definition on input line 674.


Package xcolor Warning: Incompatible color definition on input line 674.


Package xcolor Warning: Incompatible color definition on input line 680.


Package xcolor Warning: Incompatible color definition on input line 684.


Package xcolor Warning: Incompatible color definition on input line 684.


Package xcolor Warning: Incompatible color definition on input line 690.

[15]

Package xcolor Warning: Incompatible color definition on input line 694.


Package xcolor Warning: Incompatible color definition on input line 694.


Package xcolor Warning: Incompatible color definition on input line 705.


Package xcolor Warning: Incompatible color definition on input line 710.


Package xcolor Warning: Incompatible color definition on input line 710.


Package xcolor Warning: Incompatible color definition on input line 725.


Package xcolor Warning: Incompatible color definition on input line 730.


Package xcolor Warning: Incompatible color definition on input line 730.


Package xcolor Warning: Incompatible color definition on input line 745.


Package xcolor Warning: Incompatible color definition on input line 749.


Package xcolor Warning: Incompatible color definition on input line 749.


Package xcolor Warning: Incompatible color definition on input line 755.

[16]

Package xcolor Warning: Incompatible color definition on input line 759.


Package xcolor Warning: Incompatible color definition on input line 759.


Package xcolor Warning: Incompatible color definition on input line 767.


Package xcolor Warning: Incompatible color definition on input line 771.


Package xcolor Warning: Incompatible color definition on input line 771.


Package xcolor Warning: Incompatible color definition on input line 778.


Package xcolor Warning: Incompatible color definition on input line 782.


Package xcolor Warning: Incompatible color definition on input line 782.


Package xcolor Warning: Incompatible color definition on input line 791.


Package xcolor Warning: Incompatible color definition on input line 798.


Package xcolor Warning: Incompatible color definition on input line 798.


Package xcolor Warning: Incompatible color definition on input line 820.

[17]

Package xcolor Warning: Incompatible color definition on input line 824.


Package xcolor Warning: Incompatible color definition on input line 824.


Package xcolor Warning: Incompatible color definition on input line 830.


Package xcolor Warning: Incompatible color definition on input line 834.


Package xcolor Warning: Incompatible color definition on input line 834.


Package xcolor Warning: Incompatible color definition on input line 840.


Package xcolor Warning: Incompatible color definition on input line 844.


Package xcolor Warning: Incompatible color definition on input line 844.


Package xcolor Warning: Incompatible color definition on input line 856.


Package xcolor Warning: Incompatible color definition on input line 860.


Package xcolor Warning: Incompatible color definition on input line 860.


Underfull \hbox (badness 1173) in paragraph at lines 874--875
\TU/lmr/m/n/10 The function \TU/lmtt/m/n/10 make_rainbows() \TU/lmr/m/n/10 woul
d create a rainbow. The function
 []


Package xcolor Warning: Incompatible color definition on input line 880.

[18]

Package xcolor Warning: Incompatible color definition on input line 888.


Package xcolor Warning: Incompatible color definition on input line 888.


Package xcolor Warning: Incompatible color definition on input line 898.


Package xcolor Warning: Incompatible color definition on input line 906.


Package xcolor Warning: Incompatible color definition on input line 906.


Package xcolor Warning: Incompatible color definition on input line 912.


Package xcolor Warning: Incompatible color definition on input line 920.


Package xcolor Warning: Incompatible color definition on input line 920.


Package xcolor Warning: Incompatible color definition on input line 928.


Package xcolor Warning: Incompatible color definition on input line 934.


Package xcolor Warning: Incompatible color definition on input line 934.


Package xcolor Warning: Incompatible color definition on input line 942.


Package xcolor Warning: Incompatible color definition on input line 948.


Package xcolor Warning: Incompatible color definition on input line 948.


Package xcolor Warning: Incompatible color definition on input line 957.

[19]

Package xcolor Warning: Incompatible color definition on input line 968.


Package xcolor Warning: Incompatible color definition on input line 968.


Package xcolor Warning: Incompatible color definition on input line 974.


Package xcolor Warning: Incompatible color definition on input line 978.


Package xcolor Warning: Incompatible color definition on input line 978.


Package xcolor Warning: Incompatible color definition on input line 989.


Package xcolor Warning: Incompatible color definition on input line 996.


Package xcolor Warning: Incompatible color definition on input line 996.


Package xcolor Warning: Incompatible color definition on input line 1008.


Package xcolor Warning: Incompatible color definition on input line 1012.


Package xcolor Warning: Incompatible color definition on input line 1012.


Package xcolor Warning: Incompatible color definition on input line 1020.

[20]

Package xcolor Warning: Incompatible color definition on input line 1024.


Package xcolor Warning: Incompatible color definition on input line 1024.


Package xcolor Warning: Incompatible color definition on input line 1032.


Package xcolor Warning: Incompatible color definition on input line 1036.


Package xcolor Warning: Incompatible color definition on input line 1036.


Package xcolor Warning: Incompatible color definition on input line 1055.


Package xcolor Warning: Incompatible color definition on input line 1059.


Package xcolor Warning: Incompatible color definition on input line 1059.


Package xcolor Warning: Incompatible color definition on input line 1073.

[21]

Package xcolor Warning: Incompatible color definition on input line 1084.


Package xcolor Warning: Incompatible color definition on input line 1084.


Package xcolor Warning: Incompatible color definition on input line 1090.


Package xcolor Warning: Incompatible color definition on input line 1099.


Package xcolor Warning: Incompatible color definition on input line 1099.


Package xcolor Warning: Incompatible color definition on input line 1109.


Package xcolor Warning: Incompatible color definition on input line 1113.


Package xcolor Warning: Incompatible color definition on input line 1113.


Package xcolor Warning: Incompatible color definition on input line 1119.


Package xcolor Warning: Incompatible color definition on input line 1124.


Package xcolor Warning: Incompatible color definition on input line 1124.


Package xcolor Warning: Incompatible color definition on input line 1130.


Package xcolor Warning: Incompatible color definition on input line 1136.


Package xcolor Warning: Incompatible color definition on input line 1136.


Package xcolor Warning: Incompatible color definition on input line 1142.

[22]

Package xcolor Warning: Incompatible color definition on input line 1149.


Package xcolor Warning: Incompatible color definition on input line 1149.


Package xcolor Warning: Incompatible color definition on input line 1155.


Package xcolor Warning: Incompatible color definition on input line 1163.


Package xcolor Warning: Incompatible color definition on input line 1163.


Package xcolor Warning: Incompatible color definition on input line 1169.


Package xcolor Warning: Incompatible color definition on input line 1178.


Package xcolor Warning: Incompatible color definition on input line 1178.

[23]
Chapter 6.

Package xcolor Warning: Incompatible color definition on input line 1212.

[24

]

Package xcolor Warning: Incompatible color definition on input line 1216.


Package xcolor Warning: Incompatible color definition on input line 1216.


Package xcolor Warning: Incompatible color definition on input line 1245.


Package xcolor Warning: Incompatible color definition on input line 1250.


Package xcolor Warning: Incompatible color definition on input line 1250.


Package xcolor Warning: Incompatible color definition on input line 1266.


Package xcolor Warning: Incompatible color definition on input line 1270.


Package xcolor Warning: Incompatible color definition on input line 1270.


Package xcolor Warning: Incompatible color definition on input line 1278.

[25]

Package xcolor Warning: Incompatible color definition on input line 1282.


Package xcolor Warning: Incompatible color definition on input line 1282.


Overfull \hbox (54.0pt too wide) in paragraph at lines 1294--1294
[]\TU/lmtt/m/n/10 ## $ age      <dbl> 19, 18, 28, 33, 32, 31, 46, 37, 37, 60, 2
5, 62, 23, 5...[] 
 []


Overfull \hbox (54.0pt too wide) in paragraph at lines 1294--1294
[]\TU/lmtt/m/n/10 ## $ sex      <chr> "female", "male", "male", "male", "male",
 "female", "...[] 
 []


Overfull \hbox (54.0pt too wide) in paragraph at lines 1294--1294
[]\TU/lmtt/m/n/10 ## $ bmi      <dbl> 27.900, 33.770, 33.000, 22.705, 28.880, 2
5.740, 33.44...[] 
 []


Overfull \hbox (54.0pt too wide) in paragraph at lines 1294--1294
[]\TU/lmtt/m/n/10 ## $ children <dbl> 0, 1, 3, 0, 0, 0, 1, 3, 2, 0, 0, 0, 0, 0,
 0, 1, 1, 0,...[] 
 []


Overfull \hbox (54.0pt too wide) in paragraph at lines 1294--1294
[]\TU/lmtt/m/n/10 ## $ smoker   <chr> "yes", "no", "no", "no", "no", "no", "no"
, "no", "no"...[] 
 []


Overfull \hbox (54.0pt too wide) in paragraph at lines 1294--1294
[]\TU/lmtt/m/n/10 ## $ region   <chr> "southwest", "southeast", "southeast", "n
orthwest", "...[] 
 []


Overfull \hbox (54.0pt too wide) in paragraph at lines 1294--1294
[]\TU/lmtt/m/n/10 ## $ charges  <dbl> 16884.924, 1725.552, 4449.462, 21984.471,
 3866.855, 3...[] 
 []


Package xcolor Warning: Incompatible color definition on input line 1298.


Package xcolor Warning: Incompatible color definition on input line 1302.


Package xcolor Warning: Incompatible color definition on input line 1302.


Package xcolor Warning: Incompatible color definition on input line 1318.


Package xcolor Warning: Incompatible color definition on input line 1322.


Package xcolor Warning: Incompatible color definition on input line 1322.

[26]

Package xcolor Warning: Incompatible color definition on input line 1342.


Package xcolor Warning: Incompatible color definition on input line 1346.


Package xcolor Warning: Incompatible color definition on input line 1346.


Overfull \hbox (1.5pt too wide) in paragraph at lines 1363--1363
[]\TU/lmtt/m/n/10 ##       age            sex                 bmi           chi
ldren[] 
 []


Overfull \hbox (12.0pt too wide) in paragraph at lines 1363--1363
[]\TU/lmtt/m/n/10 ##  Min.   :18.00   Length:1338        Min.   :15.96   Min.  
 :0.000[] 
 []


Overfull \hbox (12.0pt too wide) in paragraph at lines 1363--1363
[]\TU/lmtt/m/n/10 ##  1st Qu.:27.00   Class :character   1st Qu.:26.30   1st Qu
.:0.000[] 
 []


Overfull \hbox (12.0pt too wide) in paragraph at lines 1363--1363
[]\TU/lmtt/m/n/10 ##  Median :39.00   Mode  :character   Median :30.40   Median
 :1.000[] 
 []


Overfull \hbox (12.0pt too wide) in paragraph at lines 1363--1363
[]\TU/lmtt/m/n/10 ##  Mean   :39.21                      Mean   :30.66   Mean  
 :1.095[] 
 []


Overfull \hbox (12.0pt too wide) in paragraph at lines 1363--1363
[]\TU/lmtt/m/n/10 ##  3rd Qu.:51.00                      3rd Qu.:34.69   3rd Qu
.:2.000[] 
 []


Overfull \hbox (12.0pt too wide) in paragraph at lines 1363--1363
[]\TU/lmtt/m/n/10 ##  Max.   :64.00                      Max.   :53.13   Max.  
 :5.000[] 
 []


Package xcolor Warning: Incompatible color definition on input line 1369.


Package xcolor Warning: Incompatible color definition on input line 1377.


Package xcolor Warning: Incompatible color definition on input line 1377.


Overfull \hbox (27.75pt too wide) in paragraph at lines 1394--1394
[]\TU/lmtt/m/n/10 ##       age            sex           bmi           children 
    smoker[] 
 []


Overfull \hbox (38.25pt too wide) in paragraph at lines 1394--1394
[]\TU/lmtt/m/n/10 ##  Min.   :18.00   female:662   Min.   :15.96   Min.   :0.00
0   no :1064[] 
 []


Overfull \hbox (38.25pt too wide) in paragraph at lines 1394--1394
[]\TU/lmtt/m/n/10 ##  1st Qu.:27.00   male  :676   1st Qu.:26.30   1st Qu.:0.00
0   yes: 274[] 
 []

[27]

Package xcolor Warning: Incompatible color definition on input line 1416.


Package xcolor Warning: Incompatible color definition on input line 1422.


Package xcolor Warning: Incompatible color definition on input line 1422.


Package xcolor Warning: Incompatible color definition on input line 1440.

[28]

Package xcolor Warning: Incompatible color definition on input line 1447.


Package xcolor Warning: Incompatible color definition on input line 1447.


Package xcolor Warning: Incompatible color definition on input line 1463.


Package xcolor Warning: Incompatible color definition on input line 1469.


Package xcolor Warning: Incompatible color definition on input line 1469.


Package xcolor Warning: Incompatible color definition on input line 1473.


Package xcolor Warning: Incompatible color definition on input line 1480.


Package xcolor Warning: Incompatible color definition on input line 1480.


Package xcolor Warning: Incompatible color definition on input line 1496.

[29]

Package xcolor Warning: Incompatible color definition on input line 1502.


Package xcolor Warning: Incompatible color definition on input line 1502.


Package xcolor Warning: Incompatible color definition on input line 1516.


Package xcolor Warning: Incompatible color definition on input line 1523.


Package xcolor Warning: Incompatible color definition on input line 1523.


Package xcolor Warning: Incompatible color definition on input line 1527.


Package xcolor Warning: Incompatible color definition on input line 1536.


Package xcolor Warning: Incompatible color definition on input line 1536.


Package xcolor Warning: Incompatible color definition on input line 1550.


Package xcolor Warning: Incompatible color definition on input line 1557.


Package xcolor Warning: Incompatible color definition on input line 1557.

[30]

Package xcolor Warning: Incompatible color definition on input line 1572.


Package xcolor Warning: Incompatible color definition on input line 1580.


Package xcolor Warning: Incompatible color definition on input line 1580.


Overfull \hbox (48.75pt too wide) in paragraph at lines 1592--1592
[]\TU/lmtt/m/n/10 ##     age sex     bmi children smoker region charges age_squ
ared age_cubed[] 
 []


Overfull \hbox (48.75pt too wide) in paragraph at lines 1592--1592
[]\TU/lmtt/m/n/10 ##   <dbl> <fct> <dbl>    <dbl> <fct>  <fct>    <dbl>       <
dbl>     <dbl>[] 
 []


Overfull \hbox (48.75pt too wide) in paragraph at lines 1592--1592
[]\TU/lmtt/m/n/10 ## 1    19 fema~  27.9        0 yes    south~  16885.        
 361      6859[] 
 []


Overfull \hbox (48.75pt too wide) in paragraph at lines 1592--1592
[]\TU/lmtt/m/n/10 ## 2    18 male   33.8        1 no     south~   1726.        
 324      5832[] 
 []


Overfull \hbox (48.75pt too wide) in paragraph at lines 1592--1592
[]\TU/lmtt/m/n/10 ## 3    28 male   33          3 no     south~   4449.        
 784     21952[] 
 []


Overfull \hbox (48.75pt too wide) in paragraph at lines 1592--1592
[]\TU/lmtt/m/n/10 ## 4    33 male   22.7        0 no     north~  21984.        
1089     35937[] 
 []


Overfull \hbox (48.75pt too wide) in paragraph at lines 1592--1592
[]\TU/lmtt/m/n/10 ## 5    32 male   28.9        0 no     north~   3867.        
1024     32768[] 
 []


Package xcolor Warning: Incompatible color definition on input line 1596.


Package xcolor Warning: Incompatible color definition on input line 1604.


Package xcolor Warning: Incompatible color definition on input line 1604.

[31]

Package xcolor Warning: Incompatible color definition on input line 1625.


Package xcolor Warning: Incompatible color definition on input line 1632.


Package xcolor Warning: Incompatible color definition on input line 1632.


Package xcolor Warning: Incompatible color definition on input line 1641.


Package xcolor Warning: Incompatible color definition on input line 1645.


Package xcolor Warning: Incompatible color definition on input line 1645.


Overfull \hbox (54.0pt too wide) in paragraph at lines 1656--1656
[]\TU/lmtt/m/n/10 ## $ industry    <chr> "Casualty", "Casualty", "Casualty", "C
asualty", "C...[] 
 []


Overfull \hbox (54.0pt too wide) in paragraph at lines 1656--1656
[]\TU/lmtt/m/n/10 ## $ exams       <chr> "1 Exam", "2 Exams", "3 Exams", "4 Exa
ms", "1 Exam...[] 
 []


Overfull \hbox (54.0pt too wide) in paragraph at lines 1656--1656
[]\TU/lmtt/m/n/10 ## $ experience  <dbl> 1, 1, 1, 1, 3, 3, 3, 3, 3, 3, 3, 3, 5,
 5, 5, 5, 5,...[] 
 []


Overfull \hbox (54.0pt too wide) in paragraph at lines 1656--1656
[]\TU/lmtt/m/n/10 ## $ salary      <chr> "48 - 65", "50 - 71", "54 - 77", "58 -
 82", "54 - ...[] 
 []


Overfull \hbox (54.0pt too wide) in paragraph at lines 1656--1656
[]\TU/lmtt/m/n/10 ## $ salary_low  <dbl> 48, 50, 54, 58, 54, 57, 62, 63, 65, 70
, 72, 85, 55...[] 
 []


Overfull \hbox (54.0pt too wide) in paragraph at lines 1656--1656
[]\TU/lmtt/m/n/10 ## $ salary_high <chr> "65", "71", "77", "82", "72", "81", "8
7", "91", "9...[] 
 []

[32]
Overfull \hbox (12.292pt too wide) in paragraph at lines 1676--1677
[]\TU/lmr/m/n/10 Create a column called \TU/lmtt/m/n/10 social_life\TU/lmr/m/n/
10 , which is equal to \TU/lmtt/m/n/10 n_exams\TU/lmr/m/n/10 /\TU/lmtt/m/n/10 e
xperience\TU/lmr/m/n/10 .
 []


Package xcolor Warning: Incompatible color definition on input line 1679.


Package xcolor Warning: Incompatible color definition on input line 1688.


Package xcolor Warning: Incompatible color definition on input line 1688.


Overfull \hbox (12.292pt too wide) in paragraph at lines 1695--1696
[]\TU/lmr/m/n/10 Create a column called \TU/lmtt/m/n/10 social_life\TU/lmr/m/n/
10 , which is equal to \TU/lmtt/m/n/10 n_exams\TU/lmr/m/n/10 /\TU/lmtt/m/n/10 e
xperience\TU/lmr/m/n/10 .
 []


Package xcolor Warning: Incompatible color definition on input line 1708.


Package xcolor Warning: Incompatible color definition on input line 1712.


Package xcolor Warning: Incompatible color definition on input line 1712.


Package xcolor Warning: Incompatible color definition on input line 1732.


Package xcolor Warning: Incompatible color definition on input line 1742.


Package xcolor Warning: Incompatible color definition on input line 1742.

[33]

Package xcolor Warning: Incompatible color definition on input line 1752.


Package xcolor Warning: Incompatible color definition on input line 1759.


Package xcolor Warning: Incompatible color definition on input line 1759.


Package xcolor Warning: Incompatible color definition on input line 1776.


Package xcolor Warning: Incompatible color definition on input line 1781.


Package xcolor Warning: Incompatible color definition on input line 1781.


Package xcolor Warning: Incompatible color definition on input line 1791.


Package xcolor Warning: Incompatible color definition on input line 1799.


Package xcolor Warning: Incompatible color definition on input line 1799.


Package xcolor Warning: Incompatible color definition on input line 1819.


Package xcolor Warning: Incompatible color definition on input line 1834.


Package xcolor Warning: Incompatible color definition on input line 1834.


Package xcolor Warning: Incompatible color definition on input line 1834.

[34]

Package xcolor Warning: Incompatible color definition on input line 1834.


Package xcolor Warning: Incompatible color definition on input line 1834.


Package xcolor Warning: Incompatible color definition on input line 1856.


Package xcolor Warning: Incompatible color definition on input line 1865.


Package xcolor Warning: Incompatible color definition on input line 1865.


Package xcolor Warning: Incompatible color definition on input line 1867.


Package xcolor Warning: Incompatible color definition on input line 1876.


Package xcolor Warning: Incompatible color definition on input line 1876.


Overfull \hbox (27.75pt too wide) in paragraph at lines 1881--1881
[]\TU/lmtt/m/n/10 ## Warning in eval_tidy(pair$rhs, env = default_env): NAs int
roduced by[] 
 []


Package xcolor Warning: Incompatible color definition on input line 1883.


Package xcolor Warning: Incompatible color definition on input line 1887.


Package xcolor Warning: Incompatible color definition on input line 1887.

[35]
Overfull \hbox (12.292pt too wide) in paragraph at lines 1908--1909
[]\TU/lmr/m/n/10 Create a column called \TU/lmtt/m/n/10 social_life\TU/lmr/m/n/
10 , which is equal to \TU/lmtt/m/n/10 n_exams\TU/lmr/m/n/10 /\TU/lmtt/m/n/10 e
xperience\TU/lmr/m/n/10 .
 []


Package xcolor Warning: Incompatible color definition on input line 1911.


Package xcolor Warning: Incompatible color definition on input line 1918.


Package xcolor Warning: Incompatible color definition on input line 1918.


Overfull \hbox (36.01001pt too wide) in paragraph at lines 1930--1931
\TU/lmr/m/n/10 use a weighted average like sum(number_actuaries*social_life)/su
m(number_actuaries) 
 []

[36]
Chapter 7.

Package xcolor Warning: Incompatible color definition on input line 1944.


Package xcolor Warning: Incompatible color definition on input line 1948.


Package xcolor Warning: Incompatible color definition on input line 1948.


Package xcolor Warning: Incompatible color definition on input line 1950.


Package xcolor Warning: Incompatible color definition on input line 1957.


Package xcolor Warning: Incompatible color definition on input line 1957.


Package xcolor Warning: Incompatible color definition on input line 1961.


Package xcolor Warning: Incompatible color definition on input line 1965.


Package xcolor Warning: Incompatible color definition on input line 1965.

File: "04-visualization_files/figure-latex/""unnamed-chunk-3-1".pdf Graphic fil
e (type pdf)
<use "04-visualization_files/figure-latex/""unnamed-chunk-3-1".pdf>
[37

]

Package xcolor Warning: Incompatible color definition on input line 1974.


Package xcolor Warning: Incompatible color definition on input line 1978.


Package xcolor Warning: Incompatible color definition on input line 1978.


Overfull \hbox (17.25pt too wide) in paragraph at lines 1982--1982
[]\TU/lmtt/m/n/10 ## []stat_bin()[] using []bins = 30[]. Pick better value with
 []binwidth[].[] 
 []

File: "04-visualization_files/figure-latex/""unnamed-chunk-4-1".pdf Graphic fil
e (type pdf)
<use "04-visualization_files/figure-latex/""unnamed-chunk-4-1".pdf>

Underfull \vbox (badness 10000) has occurred while \output is active []

[38]

Package xcolor Warning: Incompatible color definition on input line 1988.


Package xcolor Warning: Incompatible color definition on input line 1992.


Package xcolor Warning: Incompatible color definition on input line 1992.

File: "04-visualization_files/figure-latex/""unnamed-chunk-5-1".pdf Graphic fil
e (type pdf)
<use "04-visualization_files/figure-latex/""unnamed-chunk-5-1".pdf>

Underfull \vbox (badness 10000) has occurred while \output is active []

[39]

Package xcolor Warning: Incompatible color definition on input line 1998.


Package xcolor Warning: Incompatible color definition on input line 2004.


Package xcolor Warning: Incompatible color definition on input line 2004.

File: "04-visualization_files/figure-latex/""unnamed-chunk-6-1".pdf Graphic fil
e (type pdf)
<use "04-visualization_files/figure-latex/""unnamed-chunk-6-1".pdf>

Underfull \vbox (badness 10000) has occurred while \output is active []

[40]

Package xcolor Warning: Incompatible color definition on input line 2013.


Package xcolor Warning: Incompatible color definition on input line 2022.


Package xcolor Warning: Incompatible color definition on input line 2022.

File: "04-visualization_files/figure-latex/""unnamed-chunk-7-1".pdf Graphic fil
e (type pdf)
<use "04-visualization_files/figure-latex/""unnamed-chunk-7-1".pdf>

Package xcolor Warning: Incompatible color definition on input line 2026.


Underfull \vbox (badness 10000) has occurred while \output is active []

[41]

Package xcolor Warning: Incompatible color definition on input line 2031.


Package xcolor Warning: Incompatible color definition on input line 2031.

[42]
Chapter 8.
[43

] [44]
File: "05-linear-models_files/figure-latex/""unnamed-chunk-2-1".pdf Graphic fil
e (type pdf)
<use "05-linear-models_files/figure-latex/""unnamed-chunk-2-1".pdf>
[45]

Package xcolor Warning: Incompatible color definition on input line 2167.


Package xcolor Warning: Incompatible color definition on input line 2174.


Package xcolor Warning: Incompatible color definition on input line 2174.

[46]

Package xcolor Warning: Incompatible color definition on input line 2180.


Package xcolor Warning: Incompatible color definition on input line 2184.


Package xcolor Warning: Incompatible color definition on input line 2184.


Package xcolor Warning: Incompatible color definition on input line 2212.


Package xcolor Warning: Incompatible color definition on input line 2221.


Package xcolor Warning: Incompatible color definition on input line 2221.


Package xcolor Warning: Incompatible color definition on input line 2221.

[47]

Package xcolor Warning: Incompatible color definition on input line 2221.


Package xcolor Warning: Incompatible color definition on input line 2221.


Package xcolor Warning: Incompatible color definition on input line 2225.


Package xcolor Warning: Incompatible color definition on input line 2230.


Package xcolor Warning: Incompatible color definition on input line 2230.


Package xcolor Warning: Incompatible color definition on input line 2234.


Package xcolor Warning: Incompatible color definition on input line 2242.


Package xcolor Warning: Incompatible color definition on input line 2242.


Package xcolor Warning: Incompatible color definition on input line 2250.


Package xcolor Warning: Incompatible color definition on input line 2254.


Package xcolor Warning: Incompatible color definition on input line 2254.


Package xcolor Warning: Incompatible color definition on input line 2266.


Package xcolor Warning: Incompatible color definition on input line 2270.


Package xcolor Warning: Incompatible color definition on input line 2270.

File: "05-linear-models_files/figure-latex/""unnamed-chunk-9-1".pdf Graphic fil
e (type pdf)
<use "05-linear-models_files/figure-latex/""unnamed-chunk-9-1".pdf>

Package xcolor Warning: Incompatible color definition on input line 2280.

[48]

Package xcolor Warning: Incompatible color definition on input line 2284.


Package xcolor Warning: Incompatible color definition on input line 2284.

File: "05-linear-models_files/figure-latex/""unnamed-chunk-10-1".pdf Graphic fi
le (type pdf)
<use "05-linear-models_files/figure-latex/""unnamed-chunk-10-1".pdf>

Package xcolor Warning: Incompatible color definition on input line 2306.

[49]

Package xcolor Warning: Incompatible color definition on input line 2313.


Package xcolor Warning: Incompatible color definition on input line 2313.


Package xcolor Warning: Incompatible color definition on input line 2328.


Package xcolor Warning: Incompatible color definition on input line 2332.


Package xcolor Warning: Incompatible color definition on input line 2332.


Overfull \vbox (274.24588pt too high) has occurred while \output is active []

[50]
Chapter 9.
File: "05-linear-models_files/figure-latex/""unnamed-chunk-14-1".pdf Graphic fi
le (type pdf)
<use "05-linear-models_files/figure-latex/""unnamed-chunk-14-1".pdf>
[51

]
File: "images/""glm_links".png Graphic file (type bmp)
<"images/""glm_links".png>

Overfull \hbox (622.8973pt too wide) in paragraph at lines 2404--2404
[][]
 []

[52] [53]

Package xcolor Warning: Incompatible color definition on input line 2444.


Package xcolor Warning: Incompatible color definition on input line 2450.


Package xcolor Warning: Incompatible color definition on input line 2450.

[54]

Package xcolor Warning: Incompatible color definition on input line 2464.


Package xcolor Warning: Incompatible color definition on input line 2468.


Package xcolor Warning: Incompatible color definition on input line 2468.


Package xcolor Warning: Incompatible color definition on input line 2485.


Package xcolor Warning: Incompatible color definition on input line 2489.


Package xcolor Warning: Incompatible color definition on input line 2489.


Package xcolor Warning: Incompatible color definition on input line 2497.


Package xcolor Warning: Incompatible color definition on input line 2501.


Package xcolor Warning: Incompatible color definition on input line 2501.


Package xcolor Warning: Incompatible color definition on input line 2510.

[55]

Package xcolor Warning: Incompatible color definition on input line 2515.


Package xcolor Warning: Incompatible color definition on input line 2515.


Package xcolor Warning: Incompatible color definition on input line 2519.


Package xcolor Warning: Incompatible color definition on input line 2523.


Package xcolor Warning: Incompatible color definition on input line 2523.


Package xcolor Warning: Incompatible color definition on input line 2558.


Package xcolor Warning: Incompatible color definition on input line 2567.


Package xcolor Warning: Incompatible color definition on input line 2567.

File: "05-linear-models_files/figure-latex/""unnamed-chunk-22-1".pdf Graphic fi
le (type pdf)
<use "05-linear-models_files/figure-latex/""unnamed-chunk-22-1".pdf>
[56]

Package xcolor Warning: Incompatible color definition on input line 2577.


Package xcolor Warning: Incompatible color definition on input line 2585.


Package xcolor Warning: Incompatible color definition on input line 2585.

File: "05-linear-models_files/figure-latex/""unnamed-chunk-23-1".pdf Graphic fi
le (type pdf)
<use "05-linear-models_files/figure-latex/""unnamed-chunk-23-1".pdf>
[57]

Package xcolor Warning: Incompatible color definition on input line 2612.


Package xcolor Warning: Incompatible color definition on input line 2616.


Package xcolor Warning: Incompatible color definition on input line 2616.

[58] [59] [60]
Chapter 10.
File: "05-linear-models_files/figure-latex/""unnamed-chunk-25-1".pdf Graphic fi
le (type pdf)
<use "05-linear-models_files/figure-latex/""unnamed-chunk-25-1".pdf>

Package xcolor Warning: Incompatible color definition on input line 2753.

[61

] [62]

Package xcolor Warning: Incompatible color definition on input line 2757.


Package xcolor Warning: Incompatible color definition on input line 2757.


Package xcolor Warning: Incompatible color definition on input line 2769.


Package xcolor Warning: Incompatible color definition on input line 2784.


Package xcolor Warning: Incompatible color definition on input line 2784.


Package xcolor Warning: Incompatible color definition on input line 2788.


Package xcolor Warning: Incompatible color definition on input line 2792.


Package xcolor Warning: Incompatible color definition on input line 2792.


Overfull \hbox (27.75pt too wide) in paragraph at lines 2828--2828
[]\TU/lmtt/m/n/10 ## glm(formula = target ~ AGE + GENDER + MARRIED + CAR_USE + 
BLUEBOOK +[] 
 []


Overfull \hbox (33.0pt too wide) in paragraph at lines 2828--2828
[]\TU/lmtt/m/n/10 ##     CAR_TYPE + AREA, family = binomial(link = "logit"), da
ta = train)[] 
 []

[63]

Package xcolor Warning: Incompatible color definition on input line 2842.


Package xcolor Warning: Incompatible color definition on input line 2847.


Package xcolor Warning: Incompatible color definition on input line 2847.

File: "05-linear-models_files/figure-latex/""unnamed-chunk-29-1".pdf Graphic fi
le (type pdf)
<use "05-linear-models_files/figure-latex/""unnamed-chunk-29-1".pdf>

Package xcolor Warning: Incompatible color definition on input line 2857.


Package xcolor Warning: Incompatible color definition on input line 2862.


Package xcolor Warning: Incompatible color definition on input line 2862.

[64]

Package xcolor Warning: Incompatible color definition on input line 2875.


Package xcolor Warning: Incompatible color definition on input line 2879.


Package xcolor Warning: Incompatible color definition on input line 2879.


Package xcolor Warning: Incompatible color definition on input line 2890.


Package xcolor Warning: Incompatible color definition on input line 2894.


Package xcolor Warning: Incompatible color definition on input line 2894.


Package xcolor Warning: Incompatible color definition on input line 2905.

[65]

Package xcolor Warning: Incompatible color definition on input line 2911.


Package xcolor Warning: Incompatible color definition on input line 2911.


Package xcolor Warning: Incompatible color definition on input line 2922.


Package xcolor Warning: Incompatible color definition on input line 2928.


Package xcolor Warning: Incompatible color definition on input line 2928.


Package xcolor Warning: Incompatible color definition on input line 2941.


Package xcolor Warning: Incompatible color definition on input line 2946.


Package xcolor Warning: Incompatible color definition on input line 2946.


Package xcolor Warning: Incompatible color definition on input line 2957.


Package xcolor Warning: Incompatible color definition on input line 2963.


Package xcolor Warning: Incompatible color definition on input line 2963.


Package xcolor Warning: Incompatible color definition on input line 2972.

[66]

Package xcolor Warning: Incompatible color definition on input line 2978.


Package xcolor Warning: Incompatible color definition on input line 2978.


Package xcolor Warning: Incompatible color definition on input line 3008.


Package xcolor Warning: Incompatible color definition on input line 3012.


Package xcolor Warning: Incompatible color definition on input line 3012.

[67]

Package xcolor Warning: Incompatible color definition on input line 3045.


Package xcolor Warning: Incompatible color definition on input line 3049.


Package xcolor Warning: Incompatible color definition on input line 3049.

[68]

Package xcolor Warning: Incompatible color definition on input line 3096.


Package xcolor Warning: Incompatible color definition on input line 3101.


Package xcolor Warning: Incompatible color definition on input line 3101.

File: "05-linear-models_files/figure-latex/""unnamed-chunk-39-1".pdf Graphic fi
le (type pdf)
<use "05-linear-models_files/figure-latex/""unnamed-chunk-39-1".pdf>
[69]
Overfull \hbox (6.75pt too wide) in paragraph at lines 3116--3116
[]\TU/lmtt/m/n/10 ## roc.default(response = test$target, predictor = preds, plo
t = T)[] 
 []


Overfull \hbox (54.0pt too wide) in paragraph at lines 3116--3116
[]\TU/lmtt/m/n/10 ## Data: preds in 1511 controls (test$target 0) < 548 cases (
test$target 1).[] 
 []

[70]
Chapter 11.
[71

] [72] [73]
Chapter 12.
File: "06-tree-based-models_files/figure-latex/""unnamed-chunk-2-1".pdf Graphic
 file (type pdf)
<use "06-tree-based-models_files/figure-latex/""unnamed-chunk-2-1".pdf>

Underfull \vbox (badness 10000) has occurred while \output is active []

[74

]
Underfull \hbox (badness 1460) in paragraph at lines 3253--3254
[]\TU/lmr/m/n/10 This could be any variable in \TU/lmtt/m/n/10 age\TU/lmr/m/n/1
0 , \TU/lmtt/m/n/10 children\TU/lmr/m/n/10 , \TU/lmtt/m/n/10 charges\TU/lmr/m/n
/10 , \TU/lmtt/m/n/10 sex\TU/lmr/m/n/10 , \TU/lmtt/m/n/10 smoker\TU/lmr/m/n/10 
,
 []

[75]

Package xcolor Warning: Incompatible color definition on input line 3279.


Package xcolor Warning: Incompatible color definition on input line 3285.


Package xcolor Warning: Incompatible color definition on input line 3285.

File: "06-tree-based-models_files/figure-latex/""unnamed-chunk-4-1".pdf Graphic
 file (type pdf)
<use "06-tree-based-models_files/figure-latex/""unnamed-chunk-4-1".pdf>
[76]

Package xcolor Warning: Incompatible color definition on input line 3309.


Package xcolor Warning: Incompatible color definition on input line 3319.


Package xcolor Warning: Incompatible color definition on input line 3319.

[77]
File: "06-tree-based-models_files/figure-latex/""unnamed-chunk-6-1".pdf Graphic
 file (type pdf)
<use "06-tree-based-models_files/figure-latex/""unnamed-chunk-6-1".pdf>

Package xcolor Warning: Incompatible color definition on input line 3341.


Package xcolor Warning: Incompatible color definition on input line 3349.


Package xcolor Warning: Incompatible color definition on input line 3349.

[78]

Package xcolor Warning: Incompatible color definition on input line 3365.


Package xcolor Warning: Incompatible color definition on input line 3370.


Package xcolor Warning: Incompatible color definition on input line 3370.


Package xcolor Warning: Incompatible color definition on input line 3388.


Package xcolor Warning: Incompatible color definition on input line 3404.


Package xcolor Warning: Incompatible color definition on input line 3404.

File: "06-tree-based-models_files/figure-latex/""unnamed-chunk-9-1".pdf Graphic
 file (type pdf)
<use "06-tree-based-models_files/figure-latex/""unnamed-chunk-9-1".pdf>

Underfull \vbox (badness 1735) has occurred while \output is active []

[79]

Package xcolor Warning: Incompatible color definition on input line 3410.


Package xcolor Warning: Incompatible color definition on input line 3421.


Package xcolor Warning: Incompatible color definition on input line 3421.


Package xcolor Warning: Incompatible color definition on input line 3427.


Package xcolor Warning: Incompatible color definition on input line 3431.


Package xcolor Warning: Incompatible color definition on input line 3431.


Package xcolor Warning: Incompatible color definition on input line 3437.


Package xcolor Warning: Incompatible color definition on input line 3441.


Package xcolor Warning: Incompatible color definition on input line 3441.

[80]
Underfull \vbox (badness 3039) has occurred while \output is active []

[81]
File: "06-tree-based-models_files/figure-latex/""unnamed-chunk-11-1".pdf Graphi
c file (type pdf)
<use "06-tree-based-models_files/figure-latex/""unnamed-chunk-11-1".pdf>

Underfull \vbox (badness 1331) has occurred while \output is active []

[82]

Package xcolor Warning: Incompatible color definition on input line 3547.


Package xcolor Warning: Incompatible color definition on input line 3559.


Package xcolor Warning: Incompatible color definition on input line 3559.

[83]

Package xcolor Warning: Incompatible color definition on input line 3576.


Package xcolor Warning: Incompatible color definition on input line 3585.


Package xcolor Warning: Incompatible color definition on input line 3585.


Package xcolor Warning: Incompatible color definition on input line 3587.


Package xcolor Warning: Incompatible color definition on input line 3592.


Package xcolor Warning: Incompatible color definition on input line 3592.

File: "06-tree-based-models_files/figure-latex/""unnamed-chunk-14-1".pdf Graphi
c file (type pdf)
<use "06-tree-based-models_files/figure-latex/""unnamed-chunk-14-1".pdf>

Package xcolor Warning: Incompatible color definition on input line 3598.


Package xcolor Warning: Incompatible color definition on input line 3607.


Package xcolor Warning: Incompatible color definition on input line 3607.


Package xcolor Warning: Incompatible color definition on input line 3607.

[84]

Package xcolor Warning: Incompatible color definition on input line 3607.


Package xcolor Warning: Incompatible color definition on input line 3607.


Package xcolor Warning: Incompatible color definition on input line 3613.


Package xcolor Warning: Incompatible color definition on input line 3617.


Package xcolor Warning: Incompatible color definition on input line 3617.


Package xcolor Warning: Incompatible color definition on input line 3638.


Package xcolor Warning: Incompatible color definition on input line 3642.


Package xcolor Warning: Incompatible color definition on input line 3642.

File: "06-tree-based-models_files/figure-latex/""unnamed-chunk-16-1".pdf Graphi
c file (type pdf)
<use "06-tree-based-models_files/figure-latex/""unnamed-chunk-16-1".pdf>

Underfull \vbox (badness 2521) has occurred while \output is active []

[85]

Package xcolor Warning: Incompatible color definition on input line 3657.


Package xcolor Warning: Incompatible color definition on input line 3663.


Package xcolor Warning: Incompatible color definition on input line 3663.

[86]

Package xcolor Warning: Incompatible color definition on input line 3677.


Package xcolor Warning: Incompatible color definition on input line 3681.


Package xcolor Warning: Incompatible color definition on input line 3681.


Package xcolor Warning: Incompatible color definition on input line 3695.


Package xcolor Warning: Incompatible color definition on input line 3707.


Package xcolor Warning: Incompatible color definition on input line 3707.

File: "06-tree-based-models_files/figure-latex/""unnamed-chunk-19-1".pdf Graphi
c file (type pdf)
<use "06-tree-based-models_files/figure-latex/""unnamed-chunk-19-1".pdf>
[87]
Overfull \vbox (221.5253pt too high) has occurred while \output is active []

[88]

Package xcolor Warning: Incompatible color definition on input line 3825.

[89]

Package xcolor Warning: Incompatible color definition on input line 3834.


Package xcolor Warning: Incompatible color definition on input line 3834.


Package xcolor Warning: Incompatible color definition on input line 3840.


Package xcolor Warning: Incompatible color definition on input line 3846.


Package xcolor Warning: Incompatible color definition on input line 3846.


Package xcolor Warning: Incompatible color definition on input line 3852.


Package xcolor Warning: Incompatible color definition on input line 3856.


Package xcolor Warning: Incompatible color definition on input line 3856.

[90]

Package xcolor Warning: Incompatible color definition on input line 3916.


Package xcolor Warning: Incompatible color definition on input line 3929.


Package xcolor Warning: Incompatible color definition on input line 3929.


Package xcolor Warning: Incompatible color definition on input line 3939.


Package xcolor Warning: Incompatible color definition on input line 3960.


Package xcolor Warning: Incompatible color definition on input line 3960.


Package xcolor Warning: Incompatible color definition on input line 3960.

[91]

Package xcolor Warning: Incompatible color definition on input line 3960.


Package xcolor Warning: Incompatible color definition on input line 3960.


Package xcolor Warning: Incompatible color definition on input line 3966.


Package xcolor Warning: Incompatible color definition on input line 3976.


Package xcolor Warning: Incompatible color definition on input line 3976.


Package xcolor Warning: Incompatible color definition on input line 3978.


Package xcolor Warning: Incompatible color definition on input line 3990.


Package xcolor Warning: Incompatible color definition on input line 3990.


Package xcolor Warning: Incompatible color definition on input line 3994.


Package xcolor Warning: Incompatible color definition on input line 4004.


Package xcolor Warning: Incompatible color definition on input line 4004.


Package xcolor Warning: Incompatible color definition on input line 4006.

[92]

Package xcolor Warning: Incompatible color definition on input line 4018.


Package xcolor Warning: Incompatible color definition on input line 4018.


Package xcolor Warning: Incompatible color definition on input line 4026.


Package xcolor Warning: Incompatible color definition on input line 4062.


Package xcolor Warning: Incompatible color definition on input line 4062.


Package xcolor Warning: Incompatible color definition on input line 4062.

[93]

Package xcolor Warning: Incompatible color definition on input line 4062.


Package xcolor Warning: Incompatible color definition on input line 4062.


Package xcolor Warning: Incompatible color definition on input line 4071.


Package xcolor Warning: Incompatible color definition on input line 4080.


Package xcolor Warning: Incompatible color definition on input line 4080.


Package xcolor Warning: Incompatible color definition on input line 4082.


Package xcolor Warning: Incompatible color definition on input line 4093.


Package xcolor Warning: Incompatible color definition on input line 4093.


Package xcolor Warning: Incompatible color definition on input line 4097.


Package xcolor Warning: Incompatible color definition on input line 4102.


Package xcolor Warning: Incompatible color definition on input line 4102.


Package xcolor Warning: Incompatible color definition on input line 4106.

[94]

Package xcolor Warning: Incompatible color definition on input line 4110.


Package xcolor Warning: Incompatible color definition on input line 4110.


Package xcolor Warning: Incompatible color definition on input line 4123.


Package xcolor Warning: Incompatible color definition on input line 4130.


Package xcolor Warning: Incompatible color definition on input line 4130.


Package xcolor Warning: Incompatible color definition on input line 4144.


Package xcolor Warning: Incompatible color definition on input line 4151.


Package xcolor Warning: Incompatible color definition on input line 4151.


Package xcolor Warning: Incompatible color definition on input line 4163.

[95]

Package xcolor Warning: Incompatible color definition on input line 4170.


Package xcolor Warning: Incompatible color definition on input line 4170.

[96]
Chapter 13.
No file Exam-PA-Study-Manual.bbl.
Package atveryend Info: Empty hook `BeforeClearDocument' on input line 4202.
[97

]
Package atveryend Info: Empty hook `AfterLastShipout' on input line 4202.
(./Exam-PA-Study-Manual.aux)
Package atveryend Info: Empty hook `AtVeryEndDocument' on input line 4202.
Package atveryend Info: Executing hook `AtEndAfterFileList' on input line 4202.

Package rerunfilecheck Info: File `Exam-PA-Study-Manual.out' has not changed.
(rerunfilecheck)             Checksum: 299E7AF5AC79264064111FAE9D9A6BBA.
 ) 
Here is how much of TeX's memory you used:
 25583 strings out of 494468
 477227 string characters out of 6171732
 588509 words of memory out of 5000000
 29646 multiletter control sequences out of 15000+600000
 554024 words of font info for 63 fonts, out of 8000000 for 9000
 14 hyphenation exceptions out of 8191
 52i,9n,47p,817b,440s stack positions out of 5000i,500n,10000p,200000b,80000s

Output written on Exam-PA-Study-Manual.pdf (97 pages).
